<?xml version="1.0" encoding="UTF-8" ?>
<!-- This is a WordPress eXtended RSS file generated by WordPress as an export of your site. -->
<!-- It contains information about your site's posts, pages, comments, categories, and other content. -->
<!-- You may use this file to transfer that content from one site to another. -->
<!-- This file is not intended to serve as a complete backup of your site. -->

<!-- To import this information into a WordPress site follow these steps: -->
<!-- 1. Log in to that site as an administrator. -->
<!-- 2. Go to Tools: Import in the WordPress admin panel. -->
<!-- 3. Install the "WordPress" importer from the list. -->
<!-- 4. Activate & Run Importer. -->
<!-- 5. Upload this file using the form provided on that page. -->
<!-- 6. You will first be asked to map the authors in this export file to users -->
<!--    on the site. For each author, you may choose to map to an -->
<!--    existing user on the site or to create a new user. -->
<!-- 7. WordPress will then import each of the posts, pages, comments, categories, etc. -->
<!--    contained in this file into your site. -->

<!-- generator="WordPress/4.5.12" created="2018-05-05 12:44" -->
<rss version="2.0"
	xmlns:excerpt="http://wordpress.org/export/1.2/excerpt/"
	xmlns:content="http://purl.org/rss/1.0/modules/content/"
	xmlns:wfw="http://wellformedweb.org/CommentAPI/"
	xmlns:dc="http://purl.org/dc/elements/1.1/"
	xmlns:wp="http://wordpress.org/export/1.2/"
>

<channel>
	<title>نوشته های علی آجودانیان</title>
	<link>http://ajoudanian.me/blog</link>
	<description>نوشته های علی آجودانیان، طراح و توسعه دهنده و فعال وب</description>
	<pubDate>Sat, 05 May 2018 12:44:47 +0000</pubDate>
	<language>fa-IR</language>
	<wp:wxr_version>1.2</wp:wxr_version>
	<wp:base_site_url>http://ajoudanian.me/blog</wp:base_site_url>
	<wp:base_blog_url>http://ajoudanian.me/blog</wp:base_blog_url>

	<wp:author><wp:author_id>1</wp:author_id><wp:author_login><![CDATA[admin]]></wp:author_login><wp:author_email><![CDATA[ali.ajoudanian@gmail.com]]></wp:author_email><wp:author_display_name><![CDATA[علی]]></wp:author_display_name><wp:author_first_name><![CDATA[علی]]></wp:author_first_name><wp:author_last_name><![CDATA[آجودانیان]]></wp:author_last_name></wp:author>


	<generator>https://wordpress.org/?v=4.5.12</generator>

	<item>
		<title>برای ثبت در تاریخ</title>
		<link>http://ajoudanian.me/blog/2012/08/%d8%b4%d8%b1%d9%88%d8%b9-%da%a9%d8%a7%d8%b1/</link>
		<pubDate>Thu, 30 Aug 2012 10:23:50 +0000</pubDate>
		<dc:creator><![CDATA[admin]]></dc:creator>
		<guid isPermaLink="false">http://ajoudanian.me/blog/?p=230</guid>
		<description></description>
		<content:encoded><![CDATA[تا جایی که یادم میاد اولین وبلاگی که داشتم حدود سال‌های 82 - 83 بود که روی سرویس بلاگفا اون را ساخته بودم. روز اولی که اون وبلاگ را ساختم اینقدر ذوق زده شده بودم که تا نصفه شب هر چند دقیقه یک‌بار وبلاگ رو باز می‌کردم تا ببینم روی 2 پستی که همون روز اول فرستاده بودم کسی کامنت گذاشته یا نه. اون روزها هم که نه ADSL و Wimax داشتیم نه اینترنت هوشمند. مجبور بودم هر دفعه تا ویدیو کلوپ محله برم و کارت اینترنت های 1 یا 2 ساعته بخرم. شما که غریبه نیستید حتی برای بالا رفتن آمار بازدید وبلاگ توی وبلاگ های پربازدید کامنت میذاشتم: "وبلاگ خوبی داری، به وبلاگ من هم سر بزن" !!! بالاخره بچه بودیم و جاهل :)
توی این حدودا 10 سالی که از زندگی مجازی من گذشته، وبلاگ و وبسایت های زیادی داشتم. که توی زمان خودشون هم خیلی برام مهم و دوست داشتنی بودن. از وبلاگ عمومی بگیر تا وبلاگ تخصصی گرافیکی و این اواخر هم یک وبلاگ انگلیسی. اما هرکدوم از اونها رو مجبور شدم به دلیل یک سری مشکلات و کمبود وقت کنار بگذارم و حالا از اکثرشون فقط یه سری صفحات کش شده توی سرورهای گوگل باقی مونده.
از امروز میخوام یه شیوه جدید وبلاگ نویسی برای خودم را شروع کنم (البته نه اینکه این ایده جدید باشه، قبل از من خیلی وبلاگ‌ها به این شکل وجود داشته و دارند). یه وبلاگ شخصی روی سایت خودم که مبحث مطالبش در مورد مسائل شخصی و یه سری موضوعات تخصصی‌تر خواهد بود. و اینکه وبلاگ هم مطمئینا جزو وبلاگ‌های پر آپدیت نخواهد بود و آپدیتش بستگی به شرایطم داره. شاید وقت‌هایی که حالم خوبه، شاید هم وقت‌هایی که بده!
فقط امیدوارم که فاصله‌ی پست‌هاش اونقدری زیاد نشه که اینجا را مثل خونه های قبلی فراموش کنم.

نکته آخر هم اینکه تا مدتی پیش روی صفحه اصلی سایتم نسخه انگلیسی آپ بود ولی حالا دیگه نسخه انگلیسی رو منتقل کردم به آدرس <a title="پروفایل انگلیسی" href="http://www.ajoudanian.me/portfolio" target="_blank">ajoudanian.me/portfolio</a> و <a title="علی آجودانیان" href="http://ajoudanian.me" target="_blank">صفحه اصلی</a> کارکردش به کل عوض شد و عوض‌تر هم میشه!!! فقط یه مقداری وقت آزاد نیاز داره.

این دیگه نکته آخر، شاید بد نباشه یه نگاهی هم به صفحه <a title="تماس با من" href="http://ajoudanian.me/blog/%D8%AA%D9%85%D8%A7%D8%B3-%D8%A8%D8%A7-%D9%85%D9%86/" target="_blank">تماس با من</a> بیندازید، آدرس فید وبلاگ هم از <a title="فید وبلاگ" href="http://feeds.feedburner.com/ajoudanian" target="_blank">اینجا</a> قابل دسترسی است.]]></content:encoded>
		<excerpt:encoded><![CDATA[]]></excerpt:encoded>
		<wp:post_id>230</wp:post_id>
		<wp:post_date><![CDATA[2012-08-30 13:53:50]]></wp:post_date>
		<wp:post_date_gmt><![CDATA[2012-08-30 10:23:50]]></wp:post_date_gmt>
		<wp:comment_status><![CDATA[open]]></wp:comment_status>
		<wp:ping_status><![CDATA[open]]></wp:ping_status>
		<wp:post_name><![CDATA[%d8%b4%d8%b1%d9%88%d8%b9-%da%a9%d8%a7%d8%b1]]></wp:post_name>
		<wp:status><![CDATA[publish]]></wp:status>
		<wp:post_parent>0</wp:post_parent>
		<wp:menu_order>0</wp:menu_order>
		<wp:post_type><![CDATA[post]]></wp:post_type>
		<wp:post_password><![CDATA[]]></wp:post_password>
		<wp:is_sticky>0</wp:is_sticky>
		<category domain="post_format" nicename="post-format-image"><![CDATA[تصویر]]></category>
		<category domain="category" nicename="%d8%b4%d8%ae%d8%b5%db%8c"><![CDATA[شخصی]]></category>
		<wp:postmeta>
			<wp:meta_key><![CDATA[_edit_last]]></wp:meta_key>
			<wp:meta_value><![CDATA[1]]></wp:meta_value>
		</wp:postmeta>
		<wp:postmeta>
			<wp:meta_key><![CDATA[_thumbnail_id]]></wp:meta_key>
			<wp:meta_value><![CDATA[231]]></wp:meta_value>
		</wp:postmeta>
		<wp:postmeta>
			<wp:meta_key><![CDATA[_format_quote_source_name]]></wp:meta_key>
			<wp:meta_value><![CDATA[]]></wp:meta_value>
		</wp:postmeta>
		<wp:postmeta>
			<wp:meta_key><![CDATA[_format_quote_source_url]]></wp:meta_key>
			<wp:meta_value><![CDATA[]]></wp:meta_value>
		</wp:postmeta>
		<wp:postmeta>
			<wp:meta_key><![CDATA[_format_quote_text]]></wp:meta_key>
			<wp:meta_value><![CDATA[]]></wp:meta_value>
		</wp:postmeta>
		<wp:postmeta>
			<wp:meta_key><![CDATA[_format_video_embed]]></wp:meta_key>
			<wp:meta_value><![CDATA[]]></wp:meta_value>
		</wp:postmeta>
		<wp:postmeta>
			<wp:meta_key><![CDATA[_format_audio_mp3]]></wp:meta_key>
			<wp:meta_value><![CDATA[]]></wp:meta_value>
		</wp:postmeta>
		<wp:postmeta>
			<wp:meta_key><![CDATA[_format_audio_title]]></wp:meta_key>
			<wp:meta_value><![CDATA[]]></wp:meta_value>
		</wp:postmeta>
		<wp:comment>
			<wp:comment_id>29</wp:comment_id>
			<wp:comment_author><![CDATA[علی آجودانیان]]></wp:comment_author>
			<wp:comment_author_email><![CDATA[ali.ajoudanian@gmail.com]]></wp:comment_author_email>
			<wp:comment_author_url></wp:comment_author_url>
			<wp:comment_author_IP><![CDATA[199.127.98.20]]></wp:comment_author_IP>
			<wp:comment_date><![CDATA[2012-08-31 08:16:23]]></wp:comment_date>
			<wp:comment_date_gmt><![CDATA[2012-08-31 04:46:23]]></wp:comment_date_gmt>
			<wp:comment_content><![CDATA[مرسی فرشاد :)]]></wp:comment_content>
			<wp:comment_approved><![CDATA[1]]></wp:comment_approved>
			<wp:comment_type><![CDATA[]]></wp:comment_type>
			<wp:comment_parent>26</wp:comment_parent>
			<wp:comment_user_id>1</wp:comment_user_id>
		</wp:comment>
		<wp:comment>
			<wp:comment_id>30</wp:comment_id>
			<wp:comment_author><![CDATA[علی آجودانیان]]></wp:comment_author>
			<wp:comment_author_email><![CDATA[ali.ajoudanian@gmail.com]]></wp:comment_author_email>
			<wp:comment_author_url></wp:comment_author_url>
			<wp:comment_author_IP><![CDATA[199.127.98.20]]></wp:comment_author_IP>
			<wp:comment_date><![CDATA[2012-08-31 08:17:19]]></wp:comment_date>
			<wp:comment_date_gmt><![CDATA[2012-08-31 04:47:19]]></wp:comment_date_gmt>
			<wp:comment_content><![CDATA[تازه کجاشو دیدی :)) مرسی ، لطف داری :)]]></wp:comment_content>
			<wp:comment_approved><![CDATA[1]]></wp:comment_approved>
			<wp:comment_type><![CDATA[]]></wp:comment_type>
			<wp:comment_parent>27</wp:comment_parent>
			<wp:comment_user_id>1</wp:comment_user_id>
		</wp:comment>
		<wp:comment>
			<wp:comment_id>28</wp:comment_id>
			<wp:comment_author><![CDATA[علی آجودانیان]]></wp:comment_author>
			<wp:comment_author_email><![CDATA[ali.ajoudanian@gmail.com]]></wp:comment_author_email>
			<wp:comment_author_url></wp:comment_author_url>
			<wp:comment_author_IP><![CDATA[199.127.98.20]]></wp:comment_author_IP>
			<wp:comment_date><![CDATA[2012-08-31 08:15:59]]></wp:comment_date>
			<wp:comment_date_gmt><![CDATA[2012-08-31 04:45:59]]></wp:comment_date_gmt>
			<wp:comment_content><![CDATA[ممنون علیرضا، من هم امیدوارم این اتفاق بیفته :)]]></wp:comment_content>
			<wp:comment_approved><![CDATA[1]]></wp:comment_approved>
			<wp:comment_type><![CDATA[]]></wp:comment_type>
			<wp:comment_parent>25</wp:comment_parent>
			<wp:comment_user_id>1</wp:comment_user_id>
		</wp:comment>
		<wp:comment>
			<wp:comment_id>26</wp:comment_id>
			<wp:comment_author><![CDATA[فرشاد]]></wp:comment_author>
			<wp:comment_author_email><![CDATA[farshad_FV@yahoo.com]]></wp:comment_author_email>
			<wp:comment_author_url></wp:comment_author_url>
			<wp:comment_author_IP><![CDATA[5.39.5.208]]></wp:comment_author_IP>
			<wp:comment_date><![CDATA[2012-08-30 17:17:17]]></wp:comment_date>
			<wp:comment_date_gmt><![CDATA[2012-08-30 13:47:17]]></wp:comment_date_gmt>
			<wp:comment_content><![CDATA[خوبه علی جون ادامه بده داداش ماهم پشتتیم ;)]]></wp:comment_content>
			<wp:comment_approved><![CDATA[1]]></wp:comment_approved>
			<wp:comment_type><![CDATA[]]></wp:comment_type>
			<wp:comment_parent>0</wp:comment_parent>
			<wp:comment_user_id>0</wp:comment_user_id>
		</wp:comment>
		<wp:comment>
			<wp:comment_id>27</wp:comment_id>
			<wp:comment_author><![CDATA[صفیه]]></wp:comment_author>
			<wp:comment_author_email><![CDATA[safeyehk@yahoo.com]]></wp:comment_author_email>
			<wp:comment_author_url></wp:comment_author_url>
			<wp:comment_author_IP><![CDATA[37.220.1.42]]></wp:comment_author_IP>
			<wp:comment_date><![CDATA[2012-08-30 21:56:19]]></wp:comment_date>
			<wp:comment_date_gmt><![CDATA[2012-08-30 18:26:19]]></wp:comment_date_gmt>
			<wp:comment_content><![CDATA[علـــی خیلـــی خو ب نوشتی. دست به قلمتم که خوبه من خبر نداشتم . موفق باشی  و سربلند]]></wp:comment_content>
			<wp:comment_approved><![CDATA[1]]></wp:comment_approved>
			<wp:comment_type><![CDATA[]]></wp:comment_type>
			<wp:comment_parent>0</wp:comment_parent>
			<wp:comment_user_id>0</wp:comment_user_id>
		</wp:comment>
		<wp:comment>
			<wp:comment_id>25</wp:comment_id>
			<wp:comment_author><![CDATA[علیرضا.ش]]></wp:comment_author>
			<wp:comment_author_email><![CDATA[serremay@yahoo.com]]></wp:comment_author_email>
			<wp:comment_author_url></wp:comment_author_url>
			<wp:comment_author_IP><![CDATA[69.4.232.60]]></wp:comment_author_IP>
			<wp:comment_date><![CDATA[2012-08-30 14:10:47]]></wp:comment_date>
			<wp:comment_date_gmt><![CDATA[2012-08-30 10:40:47]]></wp:comment_date_gmt>
			<wp:comment_content><![CDATA[تبریک علی جان، ایشالا به ثمر بشینه ...
به عنوان یه هم وبلاگی گروهی سابق آرزوی موفقیت دارم واست دی:]]></wp:comment_content>
			<wp:comment_approved><![CDATA[1]]></wp:comment_approved>
			<wp:comment_type><![CDATA[]]></wp:comment_type>
			<wp:comment_parent>0</wp:comment_parent>
			<wp:comment_user_id>0</wp:comment_user_id>
		</wp:comment>
		<wp:comment>
			<wp:comment_id>174</wp:comment_id>
			<wp:comment_author><![CDATA[hoking]]></wp:comment_author>
			<wp:comment_author_email><![CDATA[samuel2f3@hotmail.com]]></wp:comment_author_email>
			<wp:comment_author_url>http://www.FyLitCl7Pf7kjQdDUOLQOuaxTXbj5iNG.com</wp:comment_author_url>
			<wp:comment_author_IP><![CDATA[95.130.13.153]]></wp:comment_author_IP>
			<wp:comment_date><![CDATA[2015-04-25 08:55:31]]></wp:comment_date>
			<wp:comment_date_gmt><![CDATA[2015-04-25 05:25:31]]></wp:comment_date_gmt>
			<wp:comment_content><![CDATA[gArK3v http://www.FyLitCl7Pf7kjQdDUOLQOuaxTXbj5iNG.com]]></wp:comment_content>
			<wp:comment_approved><![CDATA[0]]></wp:comment_approved>
			<wp:comment_type><![CDATA[]]></wp:comment_type>
			<wp:comment_parent>0</wp:comment_parent>
			<wp:comment_user_id>0</wp:comment_user_id>
		</wp:comment>
		<wp:comment>
			<wp:comment_id>175</wp:comment_id>
			<wp:comment_author><![CDATA[TimoKex]]></wp:comment_author>
			<wp:comment_author_email><![CDATA[fastmail@fast-tadalafil.com]]></wp:comment_author_email>
			<wp:comment_author_url>http://cialisfor.com</wp:comment_author_url>
			<wp:comment_author_IP><![CDATA[31.184.238.249]]></wp:comment_author_IP>
			<wp:comment_date><![CDATA[2015-05-27 06:04:57]]></wp:comment_date>
			<wp:comment_date_gmt><![CDATA[2015-05-27 02:34:57]]></wp:comment_date_gmt>
			<wp:comment_content><![CDATA[Getty Images BSIP  UIG.The Biology versus the Psychology of Emotions   There are three main dueling theories that try to help us understand the relationship between the biology of emotions and the psychology of emotions.Relationship between patient selfassessment of erectile function and the erectile function domain of the international index of erectile function. <a href="http://fastaccutanerx.com/#fhgpebs" rel="nofollow">isotretinoin</a> Founder members included Nascher and Malford W.The most common offender is bacteria.He puzzled over the pattern of cases for the common and dreaded childbed feverpuerperal fever now known to be a bacterial infection.Starting with the second week of treatment my skin became extremely itchy and I developed folliculitis inammation of hair follicles.]]></wp:comment_content>
			<wp:comment_approved><![CDATA[0]]></wp:comment_approved>
			<wp:comment_type><![CDATA[]]></wp:comment_type>
			<wp:comment_parent>0</wp:comment_parent>
			<wp:comment_user_id>0</wp:comment_user_id>
		</wp:comment>
		<wp:comment>
			<wp:comment_id>177</wp:comment_id>
			<wp:comment_author><![CDATA[StepAutowl]]></wp:comment_author>
			<wp:comment_author_email><![CDATA[mailinfo@newmedicforum.com]]></wp:comment_author_email>
			<wp:comment_author_url>http://levitrashop.com</wp:comment_author_url>
			<wp:comment_author_IP><![CDATA[31.184.238.235]]></wp:comment_author_IP>
			<wp:comment_date><![CDATA[2015-10-21 04:28:09]]></wp:comment_date>
			<wp:comment_date_gmt><![CDATA[2015-10-21 00:58:09]]></wp:comment_date_gmt>
			<wp:comment_content><![CDATA[Mutat.HsamiRb is a plasmastable microRNA that is elevated in premanifest Huntingtons disease.Course  a. <a href="http://shopfastbestmedfor.com" rel="nofollow">Buy Isotretinoin</a> Nontunneled central catheterthe exit site of the catheter is at the skin.Much of the infor mation about signal transmission in the nervous system has been obtained from experiments with the squid axon.When cortisol is released it doesnt directly cause arterial dilation or vasoconstriction.ultrasonic vibrations break up the lens and it is aspirated from the eyeopening of the urethra on the undersurface of the penisE.The protective effect was not observed with AD neuropathology which suggests that the study was underpowered to assess this effect or that HRTs protective effects occur independently of neuropathologic changes the authors note. <a href="http://ednorxmed.com" rel="nofollow">cheapest viagra fast delivery</a> Health Solutions Ebix Inc.Controlling this reflex occurs through the central nervous system..Rosen R.e. <a href="http://shopshopfastbestmed.com" rel="nofollow">Levitra</a> hemoptysis  C.Some physicians have advocated the avoidance of spicy and caffeinecontaining foods however no evidence has indicated any CBPassociated benefit to this.But not as effective as ACE inhibitors and require inconvenient dosing schedules.If the glucose level is low the patient has the Somogyi effect and his or her evening insulin should be decreased to avoid nocturnal hypoglycemia.The herbs feverfew and nettle tea are commonly used in alternative medicine as evidenced by unsubstantiated testimonials on the internet which suggest patients may take along with conventional medical therapy. <a href="http://viagrafordailyuseusa.com" rel="nofollow">viagra super active</a> As a result the SARS outbreak was contained to fewer than  recorded cases and  fatalities and did not graduate from epidemic to pandemic.Call your health care provider if you have AML and have a fever that will not go away or other signs of infection.MSSome involved inoculating dried scab material from smallpox sufferers others pus and fluid from their blisters and sores.Mandel MD Mandel Vision New York.Think about how much youve grown and how your coping strategies and mechanisms have changed.Selam J. <a href="http://acheterpropeciafrance.com" rel="nofollow">propecia alostyl</a> Craven et al.]]></wp:comment_content>
			<wp:comment_approved><![CDATA[0]]></wp:comment_approved>
			<wp:comment_type><![CDATA[]]></wp:comment_type>
			<wp:comment_parent>0</wp:comment_parent>
			<wp:comment_user_id>0</wp:comment_user_id>
		</wp:comment>
		<wp:comment>
			<wp:comment_id>178</wp:comment_id>
			<wp:comment_author><![CDATA[StepAutowl]]></wp:comment_author>
			<wp:comment_author_email><![CDATA[mailinfo@newmedicforum.com]]></wp:comment_author_email>
			<wp:comment_author_url>http://ednorxmedshop.com</wp:comment_author_url>
			<wp:comment_author_IP><![CDATA[31.184.238.235]]></wp:comment_author_IP>
			<wp:comment_date><![CDATA[2015-11-08 08:53:19]]></wp:comment_date>
			<wp:comment_date_gmt><![CDATA[2015-11-08 05:23:19]]></wp:comment_date_gmt>
			<wp:comment_content><![CDATA[After visiting England and experiencing these Quakerinspired reforms teacher and American campaigner Dorothea Dix returned to the US in  and pushed long and hard for change establishing a movement that became known as the mental hygiene movement.Philadelphia Pa Saunders Elsevier chapstomach <a href="http://buyfurosemideonlineuk.com" rel="nofollow">can i buy lasix from canada</a> menorrhagia  Abnormally heavy or long menstrual periods.Parasellar signs and symptoms visual field defects and headachesTreatmentPrior joint damage e.On physical examination he has very limited motion of his lumbar spine secondary to pain. <a href="http://cialisfor.com" rel="nofollow">no perscription 20 mg cialis</a> Below the nasopharynx and closer to the mouth is the second division of the pharynx the oropharynx.Take any other medicine such as an antibiotic as instructed.hyperplasia   Increase in cell numbers.A stent is often placed after angioplasty. <a href="http://levitrashop.com" rel="nofollow">levitra cheapest price</a> From  they identified a similar group of viruses known as SIVs Simian Immunodeficiency Viruses simian meaning monkeys and apes.The proportions of men with moderatecomplete ED as well as the adjusted OR of moderatecomplete ED varied significantly across year age strata BoxStomach cancer can cause a mass in the leftupper abdomen in the stomach area epigastric if the cancer is large.et al. <a href="http://buyisotretinoinusfast.com" rel="nofollow">buy accutane from canada</a> BLOOD SYSTEM   leukocyte White blood cell.There is  a possible genetic link association with HLADR allele.You may also need a hospital stay.B. <a href="http://edrxnewmedfor.com" rel="nofollow">generic levitra 40 mg</a> g.Mrs Brown states she has pain  on a scale of  and is complaining of nausea.]]></wp:comment_content>
			<wp:comment_approved><![CDATA[0]]></wp:comment_approved>
			<wp:comment_type><![CDATA[]]></wp:comment_type>
			<wp:comment_parent>0</wp:comment_parent>
			<wp:comment_user_id>0</wp:comment_user_id>
		</wp:comment>
		<wp:comment>
			<wp:comment_id>179</wp:comment_id>
			<wp:comment_author><![CDATA[StepAutowl]]></wp:comment_author>
			<wp:comment_author_email><![CDATA[mailinfo@newmedicforum.com]]></wp:comment_author_email>
			<wp:comment_author_url>http://buytadalafil20mgprice.com</wp:comment_author_url>
			<wp:comment_author_IP><![CDATA[31.184.238.235]]></wp:comment_author_IP>
			<wp:comment_date><![CDATA[2015-12-01 04:20:14]]></wp:comment_date>
			<wp:comment_date_gmt><![CDATA[2015-12-01 00:50:14]]></wp:comment_date_gmt>
			<wp:comment_content><![CDATA[Quick Hit  In gonorrhea infection of the pharynx conjunctiva and rectum can occur. <a href="http://buyinderalus.com" rel="nofollow">were can i buy inderal</a> It can raise a column of water to a height ofInstead the technicians with whom you will develop a close relationship create your cradle.Tamoxifen latches onto the estrogen  TOBACCO USE CAUSES OVER     OF ALL CANCER DEATHS  WORLDWIDE  receiving units on cell surfaces which prevents estrogen itself from attaching so the cancer cells cannot grow.Many parents become worried if their children are shorter than most or all of the children around them.Nephrolithiasis b. <a href="http://shopednorxmed.com" rel="nofollow">order viagra by phone</a> Because the specific cause is usually not determined on initial evaluation  empiric therapy is often required.radiopharmaceuticalSee Figure B.These include the sulfonamide sulfa drugs which opened a new era in medicine in the s.Physical examination often fails to clarify the cause of the pain. <a href="http://buykamagrapillsus.com" rel="nofollow">kamagra 100 mg on line</a> Surgery is not indicated.Answer The key piece of information in this question is a hip fracture without a history of fall or injury.Dennis Burke surely the best in his eld in the universe assured me that he is in his spare time a master carpenter.A quantitative treatment of thermodynamics shows see for example  that the maxi mum ratio of work to the input heat is  Work  TLytic lesions are only apparent in advanced disease.PubMed   Perimenis P Markou S Gyftopoulos K Giannitsas K Athanasopoulos A Liatsikos E. <a href="http://shopfastbestmedshop.com" rel="nofollow">cheap vardenafil 20mg</a> Foreign bodyfluids e.In addition lymphoid organs  such as the lymph nodes spleen thymus gland tonsils and adenoids produce lymphocytes and antibodiesThe human nervous system for example consists of about    interconnected neurons.autoimmune disorder in which villi  in the lining of the small intestine are damaged resulting from  GA  B  C  From Hunder GG.This work established Korean medicine as distinct and independent from its Chineseinfluenced background.Spirometry before and after bronchodilators can confirm diagnosis by proving  reversible airway obstruction.It is not surprising therefore to learn that diabetic mens responses to standard therapy for ED differ from those of the general population of men with ED. <a href="http://buyfurosemideonlineuk.com" rel="nofollow">where to buy lasix in europe</a> b.]]></wp:comment_content>
			<wp:comment_approved><![CDATA[0]]></wp:comment_approved>
			<wp:comment_type><![CDATA[]]></wp:comment_type>
			<wp:comment_parent>0</wp:comment_parent>
			<wp:comment_user_id>0</wp:comment_user_id>
		</wp:comment>
		<wp:comment>
			<wp:comment_id>180</wp:comment_id>
			<wp:comment_author><![CDATA[StepAutowl]]></wp:comment_author>
			<wp:comment_author_email><![CDATA[mailinfo@newmedicforum.com]]></wp:comment_author_email>
			<wp:comment_author_url>http://femaleviagrabuy.com</wp:comment_author_url>
			<wp:comment_author_IP><![CDATA[31.184.238.235]]></wp:comment_author_IP>
			<wp:comment_date><![CDATA[2015-12-11 03:09:23]]></wp:comment_date>
			<wp:comment_date_gmt><![CDATA[2015-12-10 23:39:23]]></wp:comment_date_gmt>
			<wp:comment_content><![CDATA[. <a href="http://buytadalafilus1.com" rel="nofollow">buy generic cialis online</a> b.carbon dioxideWhen questioned she reports that she frequently feels hot and sweaty at work and at home.This condition may be congenital appear at birth can occur with aging or may be associated with stroke cerebrovascular accident cranial nerve damage and other neurologic disorders.fampra. <a href="http://bestmedrxfor.com" rel="nofollow">isotretinoin for sale</a> nephrology  NIt is a summary of  different randomized controlled trials that were done.QuiCk Hit  Complications of asthma <a href="http://clomiphene60pills25mg.com" rel="nofollow">buy clomid without prescription uk</a> technetium Tc m Sestamibi scan    RADIOLOGY AND NUCLEAR MEDICINE   F Give the meanings of the following terms.Nociceptin in doses ofth ed. <a href="http://femaleviagrabuy.com" rel="nofollow">cheapest viagra overnight shipping</a> Philadelphia Pa Saunders Elsevier chapMost common cause of death in diabetic patients  Silent myocardial infarctions are common.Koch then set about purifying the microbes and growing them away from host animals in a laboratory culture created using the fluid from the inside of ox eyeballs.cochrane.However new studies need to be carried out in wellcharacterized populations of men with diabetes in order to better determine the incidence of ED and potential effects of interventions to reduce complications.Signs and symptoms are fever chills pain in the groin and tender swollen epididymis. <a href="http://buyfinasterideus.com" rel="nofollow">finasteride tablets for sale</a> awithoutResolution.]]></wp:comment_content>
			<wp:comment_approved><![CDATA[0]]></wp:comment_approved>
			<wp:comment_type><![CDATA[]]></wp:comment_type>
			<wp:comment_parent>0</wp:comment_parent>
			<wp:comment_user_id>0</wp:comment_user_id>
		</wp:comment>
		<wp:comment>
			<wp:comment_id>181</wp:comment_id>
			<wp:comment_author><![CDATA[Mark]]></wp:comment_author>
			<wp:comment_author_email><![CDATA[mark357177@hotmail.com]]></wp:comment_author_email>
			<wp:comment_author_url>http://www.FyLitCl7Pf7kjQdDUOLQOuaxTXbj5iNG.com</wp:comment_author_url>
			<wp:comment_author_IP><![CDATA[188.143.232.16]]></wp:comment_author_IP>
			<wp:comment_date><![CDATA[2016-01-29 15:38:16]]></wp:comment_date>
			<wp:comment_date_gmt><![CDATA[2016-01-29 12:08:16]]></wp:comment_date_gmt>
			<wp:comment_content><![CDATA[kEQtBA http://www.FyLitCl7Pf7kjQdDUOLQOuaxTXbj5iNG.com]]></wp:comment_content>
			<wp:comment_approved><![CDATA[0]]></wp:comment_approved>
			<wp:comment_type><![CDATA[]]></wp:comment_type>
			<wp:comment_parent>0</wp:comment_parent>
			<wp:comment_user_id>0</wp:comment_user_id>
		</wp:comment>
		<wp:comment>
			<wp:comment_id>182</wp:comment_id>
			<wp:comment_author><![CDATA[Mark]]></wp:comment_author>
			<wp:comment_author_email><![CDATA[mark357177@hotmail.com]]></wp:comment_author_email>
			<wp:comment_author_url>http://www.FyLitCl7Pf7kjQdDUOLQOuaxTXbj5iNG.com</wp:comment_author_url>
			<wp:comment_author_IP><![CDATA[188.143.232.41]]></wp:comment_author_IP>
			<wp:comment_date><![CDATA[2016-01-30 02:58:34]]></wp:comment_date>
			<wp:comment_date_gmt><![CDATA[2016-01-29 23:28:34]]></wp:comment_date_gmt>
			<wp:comment_content><![CDATA[G5KqGq http://www.FyLitCl7Pf7kjQdDUOLQOuaxTXbj5iNG.com]]></wp:comment_content>
			<wp:comment_approved><![CDATA[0]]></wp:comment_approved>
			<wp:comment_type><![CDATA[]]></wp:comment_type>
			<wp:comment_parent>0</wp:comment_parent>
			<wp:comment_user_id>0</wp:comment_user_id>
		</wp:comment>
		<wp:comment>
			<wp:comment_id>184</wp:comment_id>
			<wp:comment_author><![CDATA[Mark]]></wp:comment_author>
			<wp:comment_author_email><![CDATA[mark357177@hotmail.com]]></wp:comment_author_email>
			<wp:comment_author_url>http://www.FyLitCl7Pf7kjQdDUOLQOuaxTXbj5iNG.com</wp:comment_author_url>
			<wp:comment_author_IP><![CDATA[188.143.232.10]]></wp:comment_author_IP>
			<wp:comment_date><![CDATA[2016-02-01 03:18:21]]></wp:comment_date>
			<wp:comment_date_gmt><![CDATA[2016-01-31 23:48:21]]></wp:comment_date_gmt>
			<wp:comment_content><![CDATA[wGDA2F http://www.FyLitCl7Pf7kjQdDUOLQOuaxTXbj5iNG.com]]></wp:comment_content>
			<wp:comment_approved><![CDATA[0]]></wp:comment_approved>
			<wp:comment_type><![CDATA[]]></wp:comment_type>
			<wp:comment_parent>0</wp:comment_parent>
			<wp:comment_user_id>0</wp:comment_user_id>
		</wp:comment>
		<wp:comment>
			<wp:comment_id>185</wp:comment_id>
			<wp:comment_author><![CDATA[Richbeica]]></wp:comment_author>
			<wp:comment_author_email><![CDATA[milo@sildenafilusfor.com]]></wp:comment_author_email>
			<wp:comment_author_url>http://adrugo.com</wp:comment_author_url>
			<wp:comment_author_IP><![CDATA[31.184.238.235]]></wp:comment_author_IP>
			<wp:comment_date><![CDATA[2016-03-26 20:02:53]]></wp:comment_date>
			<wp:comment_date_gmt><![CDATA[2016-03-26 16:32:53]]></wp:comment_date_gmt>
			<wp:comment_content><![CDATA[The treatment which reportedly reduces pain is also used for osteoarthritis back pain and chronic joint disorders.a.. <a href="http://edfast-medrx.com" rel="nofollow">is cialis cheaper than viagra</a> Having drifted apart from his wife his new relationship with teenager Hedwig Freiberg did not help.Epub  MarIt is necessary then to inject a contrast medium into the structure or uid to be visualized so that a specic part organ tube or liquid can be visualized as a negative imprint on the dense contrast agent.For an estimate of this period see Exercise.Effective vaccines developed in the th century have made polio relatively uncommon. <a href="http://cialisfor.com" rel="nofollow">cialis samples</a> .deep vein thrombosisWhy is it that explicit ideologies and actual behavior often differ How  can we more closely align our behavior and our explicit beliefsCord Compression may occur secondary to a plasmacytoma or fractured bone fragment. <a href="http://banzell.com" rel="nofollow">buy kamagra uk with mastercard</a> My doctor then suggested that I receive the pneumonia vaccine which produces antibodies against many types of pneumococcal bacteria.Bibliography     Sutton Richard M.Opening an artery arteriotomy was much riskier because the blood spurted out under pressure was difficult to quantify and took longer to congeal. <a href="http://catabs.com" rel="nofollow">cuando tomar priligy</a> glycogenolysisNitric Oxide N.Schneider P.Look at the QRS complex in leads I and aVF.She suggests using neutral prompts like harder slower or right there. <a href="http://avdrug.com" rel="nofollow">choisir levitra</a> Exp.b.]]></wp:comment_content>
			<wp:comment_approved><![CDATA[0]]></wp:comment_approved>
			<wp:comment_type><![CDATA[]]></wp:comment_type>
			<wp:comment_parent>0</wp:comment_parent>
			<wp:comment_user_id>0</wp:comment_user_id>
		</wp:comment>
		<wp:comment>
			<wp:comment_id>188</wp:comment_id>
			<wp:comment_author><![CDATA[asEdustn26eu]]></wp:comment_author>
			<wp:comment_author_email><![CDATA[westy13@free-4-everybody.bid]]></wp:comment_author_email>
			<wp:comment_author_url>http://50mgviagra.nu</wp:comment_author_url>
			<wp:comment_author_IP><![CDATA[46.161.9.24]]></wp:comment_author_IP>
			<wp:comment_date><![CDATA[2016-04-20 08:25:31]]></wp:comment_date>
			<wp:comment_date_gmt><![CDATA[2016-04-20 04:55:31]]></wp:comment_date_gmt>
			<wp:comment_content><![CDATA[http://buyphenergan.bid/ - buy phenergan]]></wp:comment_content>
			<wp:comment_approved><![CDATA[0]]></wp:comment_approved>
			<wp:comment_type><![CDATA[]]></wp:comment_type>
			<wp:comment_parent>26</wp:comment_parent>
			<wp:comment_user_id>0</wp:comment_user_id>
		</wp:comment>
		<wp:comment>
			<wp:comment_id>190</wp:comment_id>
			<wp:comment_author><![CDATA[asEdushyot7a]]></wp:comment_author>
			<wp:comment_author_email><![CDATA[mejessg@doggy-lovers-email.bid]]></wp:comment_author_email>
			<wp:comment_author_url>http://vardenafil-20mg.com</wp:comment_author_url>
			<wp:comment_author_IP><![CDATA[46.161.9.24]]></wp:comment_author_IP>
			<wp:comment_date><![CDATA[2016-04-24 02:29:08]]></wp:comment_date>
			<wp:comment_date_gmt><![CDATA[2016-04-23 22:59:08]]></wp:comment_date_gmt>
			<wp:comment_content><![CDATA[http://lexapro.top/ - lexapro http://buycolchicine.in.net/ - colchicine http://buy-vpxl.in.net/ - generic vpxl http://genericforzoloft.top/ - sertraline zoloft http://cialis10mg.eu/ - cialis]]></wp:comment_content>
			<wp:comment_approved><![CDATA[0]]></wp:comment_approved>
			<wp:comment_type><![CDATA[]]></wp:comment_type>
			<wp:comment_parent>30</wp:comment_parent>
			<wp:comment_user_id>0</wp:comment_user_id>
		</wp:comment>
		<wp:comment>
			<wp:comment_id>191</wp:comment_id>
			<wp:comment_author><![CDATA[Richbeica]]></wp:comment_author>
			<wp:comment_author_email><![CDATA[milo@sildenafilusfor.com]]></wp:comment_author_email>
			<wp:comment_author_url>http://shopshopfastbestmed.com</wp:comment_author_url>
			<wp:comment_author_IP><![CDATA[31.184.238.235]]></wp:comment_author_IP>
			<wp:comment_date><![CDATA[2016-04-28 03:43:12]]></wp:comment_date>
			<wp:comment_date_gmt><![CDATA[2016-04-28 00:13:12]]></wp:comment_date_gmt>
			<wp:comment_content><![CDATA[While the scanner moves the platform in the predetermined raster plane the feedback signal is at all times proportional to the height variations of the sample surface under the scanning tip.B.EEG demonstrates seizure activity resulting from brain tumors other diseases  and injury to the brain. <a href="http://accleps.com" rel="nofollow">kamagra ckuk</a> RNA     Stepinski J.Lower trunk CT is less common.urticariatreatmentSex hormones were measured once in stable COPD patients and controls and measured thrice in COPD exacerbation group on the first day of hospitalisation admission on the day of discharge from hospital after  days of treatment and  weeks after the discharge recovery.NERVOUS SYSTEM  INFECTIOUS DISORDERS  herpes zoster shingles Viral infection affecting peripheral nerves. <a href="http://ultramedrx.com" rel="nofollow">cialis</a> Selenium sulfide lotion may also be helpful.Developing HSCT involved overcoming many obstacles including rejection which was countered by a process called immuno suppression.a thalassemia trait or minormutationdeletion of two a loci  a.These proteins are called penicillinbinding pro teins.Does emotional intelligence always improve with age What facilitates  or impedes this learning process <a href="http://gnplls.com" rel="nofollow">precio del levitra</a> Patients with USA have a higher risk of adverse events during stress testing.Review provided by VeriMed Healthcare Network.Chem.common cold lowgrade fever mild diarrhea b.Nursing and religion were closely intertwined and the earliest hospitals were established by religious institutions.After sports his blood sugar usually spikes because of an adrenaline epinephrine rush and then crashes down  to  hours later. <a href="http://generic-onlineus.com" rel="nofollow">buy accutane 20mg online europe</a> The main risk factor is predisposition to aspiration.B.e.This is a potentially lifethreatening complication. <a href="http://bestedmedrx.com" rel="nofollow">buy levitra</a> Inform a medical expert or chemist for those who have bipolar misunderstandings eye liver or even renal problems.]]></wp:comment_content>
			<wp:comment_approved><![CDATA[0]]></wp:comment_approved>
			<wp:comment_type><![CDATA[]]></wp:comment_type>
			<wp:comment_parent>0</wp:comment_parent>
			<wp:comment_user_id>0</wp:comment_user_id>
		</wp:comment>
		<wp:comment>
			<wp:comment_id>194</wp:comment_id>
			<wp:comment_author><![CDATA[asEdusj5400s]]></wp:comment_author>
			<wp:comment_author_email><![CDATA[asteele@simply-email.bid]]></wp:comment_author_email>
			<wp:comment_author_url>http://zithromax.us.com</wp:comment_author_url>
			<wp:comment_author_IP><![CDATA[46.161.9.24]]></wp:comment_author_IP>
			<wp:comment_date><![CDATA[2016-05-03 02:27:08]]></wp:comment_date>
			<wp:comment_date_gmt><![CDATA[2016-05-02 22:57:08]]></wp:comment_date_gmt>
			<wp:comment_content><![CDATA[http://synthroid.faith/ - synthroid http://kamagra.loan/ - kamagra http://proscaronline.in.net/ - proscar]]></wp:comment_content>
			<wp:comment_approved><![CDATA[0]]></wp:comment_approved>
			<wp:comment_type><![CDATA[]]></wp:comment_type>
			<wp:comment_parent>0</wp:comment_parent>
			<wp:comment_user_id>0</wp:comment_user_id>
		</wp:comment>
		<wp:comment>
			<wp:comment_id>199</wp:comment_id>
			<wp:comment_author><![CDATA[asEdusa4l2o9]]></wp:comment_author>
			<wp:comment_author_email><![CDATA[jholt2006@mails-4-mails.bid]]></wp:comment_author_email>
			<wp:comment_author_url>http://sildenafil.science</wp:comment_author_url>
			<wp:comment_author_IP><![CDATA[46.161.9.20]]></wp:comment_author_IP>
			<wp:comment_date><![CDATA[2016-05-19 13:15:01]]></wp:comment_date>
			<wp:comment_date_gmt><![CDATA[2016-05-19 09:45:01]]></wp:comment_date_gmt>
			<wp:comment_content><![CDATA[<a href="http://buyrobaxin.accountant/" / rel="nofollow">buy robaxin</a> <a href="http://buyvpxl.cricket/" / rel="nofollow">vpxl without prescription</a> <a href="http://enalaprilhydrochlorothiazide.se/" / rel="nofollow">hydrochlorothiazide over the counter</a> <a href="http://otcviagra.nu/" / rel="nofollow">otc viagra</a> <a href="http://buyciproonline.ru/" / rel="nofollow">buy cipro on line</a> <a href="http://yasmin.in.net/" / rel="nofollow">yasmin online</a>]]></wp:comment_content>
			<wp:comment_approved><![CDATA[0]]></wp:comment_approved>
			<wp:comment_type><![CDATA[]]></wp:comment_type>
			<wp:comment_parent>27</wp:comment_parent>
			<wp:comment_user_id>0</wp:comment_user_id>
		</wp:comment>
		<wp:comment>
			<wp:comment_id>200</wp:comment_id>
			<wp:comment_author><![CDATA[asEdusk67z7q]]></wp:comment_author>
			<wp:comment_author_email><![CDATA[fredda@mail-demon.bid]]></wp:comment_author_email>
			<wp:comment_author_url>http://propecia.us.com</wp:comment_author_url>
			<wp:comment_author_IP><![CDATA[46.161.9.20]]></wp:comment_author_IP>
			<wp:comment_date><![CDATA[2016-05-21 21:32:33]]></wp:comment_date>
			<wp:comment_date_gmt><![CDATA[2016-05-21 18:02:33]]></wp:comment_date_gmt>
			<wp:comment_content><![CDATA[<a href="http://acyclovirwithoutprescription.party/" / rel="nofollow">acyclovir</a> <a href="http://permethrincream.eu/" / rel="nofollow">permethrin cream</a> <a href="http://buycleocin.accountant/" / rel="nofollow">cleocin</a> <a href="http://amitriptylineonline.party/" / rel="nofollow">elavil generic</a> <a href="http://azithromycinzithromax.nu/" / rel="nofollow">zithromax</a>]]></wp:comment_content>
			<wp:comment_approved><![CDATA[0]]></wp:comment_approved>
			<wp:comment_type><![CDATA[]]></wp:comment_type>
			<wp:comment_parent>25</wp:comment_parent>
			<wp:comment_user_id>0</wp:comment_user_id>
		</wp:comment>
		<wp:comment>
			<wp:comment_id>205</wp:comment_id>
			<wp:comment_author><![CDATA[asEdus0sx7zk]]></wp:comment_author>
			<wp:comment_author_email><![CDATA[tamatha@blurpemailgun.bid]]></wp:comment_author_email>
			<wp:comment_author_url>http://genericeffexor.party</wp:comment_author_url>
			<wp:comment_author_IP><![CDATA[46.161.9.20]]></wp:comment_author_IP>
			<wp:comment_date><![CDATA[2016-06-20 03:38:52]]></wp:comment_date>
			<wp:comment_date_gmt><![CDATA[2016-06-20 00:08:52]]></wp:comment_date_gmt>
			<wp:comment_content><![CDATA[<a href="http://cialisprice.top/" / rel="nofollow">cialis prices</a> <a href="http://buyrobaxin.party/" / rel="nofollow">buy robaxin</a> <a href="http://buy-cafergot.top/" / rel="nofollow">generic cafergot</a> <a href="http://buy-viagra.cricket/" / rel="nofollow">how to get viagra over the counter</a> <a href="http://kamagra.download/" / rel="nofollow">kamagra tablets</a> <a href="http://buyglucophage.loan/" / rel="nofollow">glucophage medication</a>]]></wp:comment_content>
			<wp:comment_approved><![CDATA[0]]></wp:comment_approved>
			<wp:comment_type><![CDATA[]]></wp:comment_type>
			<wp:comment_parent>0</wp:comment_parent>
			<wp:comment_user_id>0</wp:comment_user_id>
		</wp:comment>
		<wp:comment>
			<wp:comment_id>210</wp:comment_id>
			<wp:comment_author><![CDATA[asEdus0pek1y]]></wp:comment_author>
			<wp:comment_author_email><![CDATA[stufftw2@free-mail.bid]]></wp:comment_author_email>
			<wp:comment_author_url>http://amoxicillin-875.ru</wp:comment_author_url>
			<wp:comment_author_IP><![CDATA[46.161.9.20]]></wp:comment_author_IP>
			<wp:comment_date><![CDATA[2016-07-12 22:02:29]]></wp:comment_date>
			<wp:comment_date_gmt><![CDATA[2016-07-12 18:32:29]]></wp:comment_date_gmt>
			<wp:comment_content><![CDATA[<a href="http://lasix-40-mg.top/" / rel="nofollow">lasix 40 mg</a> <a href="http://zithromaxzpak.top/" / rel="nofollow">zithromax zpak</a> <a href="http://levitra-generic.top/" / rel="nofollow">levitra generic</a> <a href="http://costofviagra.eu/" / rel="nofollow">viagra</a>]]></wp:comment_content>
			<wp:comment_approved><![CDATA[0]]></wp:comment_approved>
			<wp:comment_type><![CDATA[]]></wp:comment_type>
			<wp:comment_parent>30</wp:comment_parent>
			<wp:comment_user_id>0</wp:comment_user_id>
		</wp:comment>
		<wp:comment>
			<wp:comment_id>213</wp:comment_id>
			<wp:comment_author><![CDATA[asEdusrpwcfe]]></wp:comment_author>
			<wp:comment_author_email><![CDATA[timothyjoemccormack@your-free-mail.bid]]></wp:comment_author_email>
			<wp:comment_author_url>http://amoxicillin-875.ru</wp:comment_author_url>
			<wp:comment_author_IP><![CDATA[46.161.9.20]]></wp:comment_author_IP>
			<wp:comment_date><![CDATA[2016-07-18 08:59:46]]></wp:comment_date>
			<wp:comment_date_gmt><![CDATA[2016-07-18 05:29:46]]></wp:comment_date_gmt>
			<wp:comment_content><![CDATA[<a href="http://celexa-generic.eu/" / rel="nofollow">celexa purchase</a> <a href="http://singulair-10mg.ru/" / rel="nofollow">singulair 10mg</a> <a href="http://buy-proscar.accountant/" / rel="nofollow">proscar</a> <a href="http://citalopram-20mg.top/" / rel="nofollow">citalopram 30 mg</a> <a href="http://buspar.party/" / rel="nofollow">buspar</a>]]></wp:comment_content>
			<wp:comment_approved><![CDATA[0]]></wp:comment_approved>
			<wp:comment_type><![CDATA[]]></wp:comment_type>
			<wp:comment_parent>30</wp:comment_parent>
			<wp:comment_user_id>0</wp:comment_user_id>
		</wp:comment>
		<wp:comment>
			<wp:comment_id>214</wp:comment_id>
			<wp:comment_author><![CDATA[asEduslb9moi]]></wp:comment_author>
			<wp:comment_author_email><![CDATA[eowarwick@simply-email.bid]]></wp:comment_author_email>
			<wp:comment_author_url>http://amoxicillin-875.ru</wp:comment_author_url>
			<wp:comment_author_IP><![CDATA[46.161.9.20]]></wp:comment_author_IP>
			<wp:comment_date><![CDATA[2016-08-03 14:05:07]]></wp:comment_date>
			<wp:comment_date_gmt><![CDATA[2016-08-03 10:35:07]]></wp:comment_date_gmt>
			<wp:comment_content><![CDATA[<a href="http://buyvpxl.party/" / rel="nofollow">buy vpxl</a> <a href="http://buy-neurontin.review/" / rel="nofollow">buy neurontin</a> <a href="http://zoloft50mg.party/" / rel="nofollow">purchase zoloft</a> <a href="http://zestoretic.top/" / rel="nofollow">lisinopril 40 mg</a>]]></wp:comment_content>
			<wp:comment_approved><![CDATA[0]]></wp:comment_approved>
			<wp:comment_type><![CDATA[]]></wp:comment_type>
			<wp:comment_parent>26</wp:comment_parent>
			<wp:comment_user_id>0</wp:comment_user_id>
		</wp:comment>
	</item>
	<item>
		<title>دسترسی به این سیستم عامل مجاز نمی‌باشد</title>
		<link>http://ajoudanian.me/blog/2012/09/%d8%af%d8%b3%d8%aa%d8%b1%d8%b3%db%8c-%d8%a8%d9%87-%d8%a7%db%8c%d9%86-%d8%b3%db%8c%d8%b3%d8%aa%d9%85-%d8%b9%d8%a7%d9%85%d9%84-%d9%85%d8%ac%d8%a7%d8%b2-%d9%86%d9%85%db%8c%e2%80%8c%d8%a8%d8%a7%d8%b4/</link>
		<pubDate>Sun, 23 Sep 2012 09:48:53 +0000</pubDate>
		<dc:creator><![CDATA[admin]]></dc:creator>
		<guid isPermaLink="false">http://ajoudanian.me/blog/?p=240</guid>
		<description></description>
		<content:encoded><![CDATA[امشب، یک شب عجیب و متاسفانه بد برای وب فارسی بود. همه چیز از ساعت 20:30 و شبکه 2 شروع شد. اخبار 20:30 و یک خبر عجیب!
<p style="direction: rtl;">تیتر خبر کاملا عجیب و غیر قابل باور بود! آقای خرم آبادی، دبير کارگروه مصاديق محتوای مجرمانه در مصاحبه ای که امروز داشتن خبر از اقدام تلافی جویانه ایران در رابطه با فیلم آپلود شده در سایت یوتیوب دادند. به شکلی که در جواب پاک نشدن فیلم مورد بحث از سرورهای یوتیوب، مسئولین محترم هم تصمیم به فیلتـ.ـر کردن دامنه google.com گرفتند. و فیلتـ.ـر شدن دامنه google.com یعنی عدم دسترسی به سرویس های Gmail , Drive , Map , Calendar , Translate و بقیه سرویس های مفید و دوست داشتنی گوگل که خود این مسئولین مطمئینا هر روز چندین بار برای کارهاش شخصی و اداریشون از اونها استفاده می‌کنند.</p>
<p style="direction: rtl;">کاری به منطق پشت این کار و اهداف این کارگروه از این تصمیم ندارم. حتی اینکه آیا یک ویدیو در سایت یوتیوب میتونه باعث فیلتـ.ـر شدن سایت گوگل بشه یا نه. حرف من ترس از تصمیم گیری افرادی با مقاصد شخصی برای مردم است. اتفاقی که مدتی است در فضای وب فارسی زیاد اتفاق می افتد و هر روز هم بیشتر می‎شود. اتفاقی که هر روز جای کار را برای ما کم و کمتر می‌کند.</p>
<p style="direction: rtl;">فقط میتونم امید داشته باشم که مسئولین محترم در این زمینه چند قدمی به عقب برگردند و ایندفعه را بیخیال بشن و با همدیگه بگیم Keep your finger cross.</p>
<p style="direction: rtl;">شاید رفتار کاربرای ایرانی در مورد این موضوع براتون جالب باشه، میتونید صحبت‌هاشون رو از <a title="توئیتر" href="http://bit.ly/UHiCC5" target="_blank">اینجا</a> پیگیری کنید.</p>
<p style="direction: rtl;">این عکس هم یه کنایه از این تصمیم عجیب و غریب این تیمه. خلاصه اگر فردا صبح پا شدید و دیدید روی گوشیتون همچین پیغامی اومد تعجب نکنید. بدونید همه چیز عادی است و تحت کنترل.</p>
<p style="text-align: center;"><a href="http://ajoudanian.me/blog/wp-content/uploads/2012/09/android-limited-iran.jpg"><img class="size-full wp-image-242 aligncenter" title="android-limited-iran" src="http://ajoudanian.me/blog/wp-content/uploads/2012/09/android-limited-iran.jpg" alt="دسترسی به این سیستم عامل مجاز نمی‌باشد" width="394" height="700" /></a></p>
<p style="direction: rtl;">پی نوشت: دقایقی پیش هم سایت گوگل برای من فیلتـ.ـر شد.</p>]]></content:encoded>
		<excerpt:encoded><![CDATA[]]></excerpt:encoded>
		<wp:post_id>240</wp:post_id>
		<wp:post_date><![CDATA[2012-09-23 13:18:53]]></wp:post_date>
		<wp:post_date_gmt><![CDATA[2012-09-23 09:48:53]]></wp:post_date_gmt>
		<wp:comment_status><![CDATA[open]]></wp:comment_status>
		<wp:ping_status><![CDATA[open]]></wp:ping_status>
		<wp:post_name><![CDATA[%d8%af%d8%b3%d8%aa%d8%b1%d8%b3%db%8c-%d8%a8%d9%87-%d8%a7%db%8c%d9%86-%d8%b3%db%8c%d8%b3%d8%aa%d9%85-%d8%b9%d8%a7%d9%85%d9%84-%d9%85%d8%ac%d8%a7%d8%b2-%d9%86%d9%85%db%8c%e2%80%8c%d8%a8%d8%a7%d8%b4]]></wp:post_name>
		<wp:status><![CDATA[publish]]></wp:status>
		<wp:post_parent>0</wp:post_parent>
		<wp:menu_order>0</wp:menu_order>
		<wp:post_type><![CDATA[post]]></wp:post_type>
		<wp:post_password><![CDATA[]]></wp:post_password>
		<wp:is_sticky>0</wp:is_sticky>
		<category domain="post_format" nicename="post-format-image"><![CDATA[تصویر]]></category>
		<category domain="category" nicename="%d8%a2%db%8c-%d8%aa%db%8c"><![CDATA[آی تی]]></category>
		<category domain="post_tag" nicename="%da%af%d9%88%da%af%d9%84"><![CDATA[گوگل]]></category>
		<wp:postmeta>
			<wp:meta_key><![CDATA[_thumbnail_id]]></wp:meta_key>
			<wp:meta_value><![CDATA[241]]></wp:meta_value>
		</wp:postmeta>
		<wp:postmeta>
			<wp:meta_key><![CDATA[_format_quote_text]]></wp:meta_key>
			<wp:meta_value><![CDATA[]]></wp:meta_value>
		</wp:postmeta>
		<wp:postmeta>
			<wp:meta_key><![CDATA[_format_quote_source_name]]></wp:meta_key>
			<wp:meta_value><![CDATA[]]></wp:meta_value>
		</wp:postmeta>
		<wp:postmeta>
			<wp:meta_key><![CDATA[_edit_last]]></wp:meta_key>
			<wp:meta_value><![CDATA[1]]></wp:meta_value>
		</wp:postmeta>
		<wp:postmeta>
			<wp:meta_key><![CDATA[_format_quote_source_url]]></wp:meta_key>
			<wp:meta_value><![CDATA[]]></wp:meta_value>
		</wp:postmeta>
		<wp:postmeta>
			<wp:meta_key><![CDATA[_format_audio_title]]></wp:meta_key>
			<wp:meta_value><![CDATA[]]></wp:meta_value>
		</wp:postmeta>
		<wp:postmeta>
			<wp:meta_key><![CDATA[_format_audio_mp3]]></wp:meta_key>
			<wp:meta_value><![CDATA[]]></wp:meta_value>
		</wp:postmeta>
		<wp:postmeta>
			<wp:meta_key><![CDATA[_format_video_embed]]></wp:meta_key>
			<wp:meta_value><![CDATA[]]></wp:meta_value>
		</wp:postmeta>
		<wp:comment>
			<wp:comment_id>187</wp:comment_id>
			<wp:comment_author><![CDATA[asEdusiabcke]]></wp:comment_author>
			<wp:comment_author_email><![CDATA[tibochris@youremail.top]]></wp:comment_author_email>
			<wp:comment_author_url>http://propecia.us.com</wp:comment_author_url>
			<wp:comment_author_IP><![CDATA[46.161.9.20]]></wp:comment_author_IP>
			<wp:comment_date><![CDATA[2016-04-20 01:10:48]]></wp:comment_date>
			<wp:comment_date_gmt><![CDATA[2016-04-19 21:40:48]]></wp:comment_date_gmt>
			<wp:comment_content><![CDATA[<a href="http://buy-cipro.top/" / rel="nofollow">cipro</a>]]></wp:comment_content>
			<wp:comment_approved><![CDATA[0]]></wp:comment_approved>
			<wp:comment_type><![CDATA[]]></wp:comment_type>
			<wp:comment_parent>0</wp:comment_parent>
			<wp:comment_user_id>0</wp:comment_user_id>
		</wp:comment>
		<wp:comment>
			<wp:comment_id>196</wp:comment_id>
			<wp:comment_author><![CDATA[asEdusvpjzdv]]></wp:comment_author>
			<wp:comment_author_email><![CDATA[drjuma@emailslikesnails.bid]]></wp:comment_author_email>
			<wp:comment_author_url>http://viagrasoft.reviews</wp:comment_author_url>
			<wp:comment_author_IP><![CDATA[46.161.9.24]]></wp:comment_author_IP>
			<wp:comment_date><![CDATA[2016-05-18 11:53:31]]></wp:comment_date>
			<wp:comment_date_gmt><![CDATA[2016-05-18 08:23:31]]></wp:comment_date_gmt>
			<wp:comment_content><![CDATA[http://cialas.top/ - cialas http://prednisolone.trade/ - buy online 10mg prednisolone http://buspar.ru/ - generic buspar http://permethrin-cream.eu/ - elimite http://advair-diskus.eu/ - advair]]></wp:comment_content>
			<wp:comment_approved><![CDATA[0]]></wp:comment_approved>
			<wp:comment_type><![CDATA[]]></wp:comment_type>
			<wp:comment_parent>0</wp:comment_parent>
			<wp:comment_user_id>0</wp:comment_user_id>
		</wp:comment>
		<wp:comment>
			<wp:comment_id>201</wp:comment_id>
			<wp:comment_author><![CDATA[asEdus1u037s]]></wp:comment_author>
			<wp:comment_author_email><![CDATA[vickikm@freewebpages.top]]></wp:comment_author_email>
			<wp:comment_author_url>http://propecia.us.com</wp:comment_author_url>
			<wp:comment_author_IP><![CDATA[46.161.9.20]]></wp:comment_author_IP>
			<wp:comment_date><![CDATA[2016-05-26 01:29:34]]></wp:comment_date>
			<wp:comment_date_gmt><![CDATA[2016-05-25 21:59:34]]></wp:comment_date_gmt>
			<wp:comment_content><![CDATA[<a href="http://busparonline.eu/" / rel="nofollow">cost of buspar</a> <a href="http://prednisolone.cricket/" / rel="nofollow">prednisolone</a> <a href="http://sildalisonline.nu/" / rel="nofollow">sildalis without prescription</a> <a href="http://buyglucophage.faith/" / rel="nofollow">generic glucophage</a> <a href="http://lasix-medication.ru/" / rel="nofollow">lasix medication</a>]]></wp:comment_content>
			<wp:comment_approved><![CDATA[0]]></wp:comment_approved>
			<wp:comment_type><![CDATA[]]></wp:comment_type>
			<wp:comment_parent>0</wp:comment_parent>
			<wp:comment_user_id>0</wp:comment_user_id>
		</wp:comment>
		<wp:comment>
			<wp:comment_id>204</wp:comment_id>
			<wp:comment_author><![CDATA[asEdusnwncq7]]></wp:comment_author>
			<wp:comment_author_email><![CDATA[hrockbj@geekemailfreak.bid]]></wp:comment_author_email>
			<wp:comment_author_url>http://genericeffexor.party</wp:comment_author_url>
			<wp:comment_author_IP><![CDATA[46.161.9.20]]></wp:comment_author_IP>
			<wp:comment_date><![CDATA[2016-06-17 07:42:26]]></wp:comment_date>
			<wp:comment_date_gmt><![CDATA[2016-06-17 04:12:26]]></wp:comment_date_gmt>
			<wp:comment_content><![CDATA[<a href="http://buycleocin.download/" / rel="nofollow">buy cleocin</a> <a href="http://pfizerviagra100mg.science/" / rel="nofollow">pfizer viagra 100mg</a> <a href="http://synthroidgeneric.top/" / rel="nofollow">synthroid generic</a> <a href="http://buylipitor.in.net/" / rel="nofollow">buy lipitor</a> <a href="http://buyzithromax.accountant/" / rel="nofollow">where can i get zithromax</a>]]></wp:comment_content>
			<wp:comment_approved><![CDATA[0]]></wp:comment_approved>
			<wp:comment_type><![CDATA[]]></wp:comment_type>
			<wp:comment_parent>0</wp:comment_parent>
			<wp:comment_user_id>0</wp:comment_user_id>
		</wp:comment>
	</item>
	<item>
		<title>استارت‌آپ ویکند، آخر هفته با طعم موفقیت</title>
		<link>http://ajoudanian.me/blog/2012/10/%d8%a7%d8%b3%d8%aa%d8%a7%d8%b1%d8%aa%e2%80%8c%d8%a2%d9%be-%d9%88%db%8c%da%a9%d9%86%d8%af%d8%8c-%d8%a2%d8%ae%d8%b1-%d9%87%d9%81%d8%aa%d9%87-%d8%a8%d8%a7-%d8%b7%d8%b9%d9%85-%d9%85%d9%88%d9%81%d9%82-2/</link>
		<pubDate>Sun, 21 Oct 2012 22:11:53 +0000</pubDate>
		<dc:creator><![CDATA[admin]]></dc:creator>
		<guid isPermaLink="false">http://ajoudanian.me/blog/?p=268</guid>
		<description></description>
		<content:encoded><![CDATA[شاید همه ما بارها و بارها به فکر راه اندازی کسب و کار جدیدی برای خود افتاده ایم، معمولا در مرحله ایده پردازی همه چیز خیلی خوب پیش میره، طرح ما فاقد مشکلات بزرگ و اساسی است و از نظر ما طرح جواب خوبی برای نیازهای کاربران و دارای پتانسیل مناسب برای پرکردن خلاء های بازارهای داخلی و حتی خارجی است. حتی بعضی اوقات به دیگران طعنه می‌زنیم که چطور تاحالا همچین فکری به ذهنشون نرسیده.

اما آیا واقعا اینطور است؟

فکر کنم همه ما بدونیم که جواب این سوال منفی است، دلیل اثبات آن هم تعداد زیاد پروژه هایی است که در اطرافمان شکل گرفته و اکثرا چند ماه یا حتی بعضا چند سال دوام داشته اند ولی در آخر با وجود صرف زمان زیاد، به ثمر ننشسته اند وشکست خورده اند. درست است که این باخت ها همگی تجربه ای می‌شوند برای شروع قوی‌تر کسب و کار بعدی اما به یاد داشته باشیم که زمان ما محدود است. شاید بتوانیم هزینه مالی شکست پروژه را جبران کنیم اما مطمئینا هیچگاه زمانی که ما برای کار بر روی پروژه های شکست خورده صرف کرده ایم جبران نخواهد شد. پس یادمان باشد که به قول همان جمله ی کلیشه ای "وقت طلا است".

اینجا است که نیاز می‌شود افرادی با توانایی در زمینه های مختلف و تجربه بیشتر، به شما برای شروع کسب و کارتان کمک کنند. این همان چیزی است که استارت‌آپ ویکند در کوتاه‌ترین زمان ممکن در اختیار شما قرار می‌دهد.

هدف استارت‌آپ ویکند این است که افراد فعال در حوزه های مختلف (مدیران، بازاریاب‌ها، برنامه نویسان، طراحان گرافیست و...) را با همدیگر آشنا کند تا آنها بتوانند با کمک یکدیگر ایده های خودشون را عملی کنند.

از آنجایی که پیش از این دوستان دیگر به صورت کامل این رویداد را معرفی کرده اند به معرفی کامل آن نمی‌پردازم. تنها به صورت خلاصه باید ذکر کنم "استارت‌آپ ویکند یک رویداد آموزشی است که در آخر یک هفته برگزار می‌شود و شما به صورت فشرده (کمتر از 3 روز) یک استارت‌آپ واقعی راه اندازی می کنید تا با همه زوایای راه اندازی یک استارت‌آپ آشنا شوید. اما شما در این مسیر تنها نیستید. در کنار شما مربیان و کار آفرینانی که تجربه استارت‌آپ های موفق را دارند حضور دارند که تجربیات خود را در هر مرحله در اختیار شما قرار می‌دهند."

یکی از بهترین توصیفات در مورد استارت‌آپ ویکند را شایان شلیله عنوان کرده، شایان در <a title="شایان شلیله" href="http://lavashak.com/blog/post/614/%D8%A2%D8%AE%D8%B1-%D9%87%D9%81%D8%AA%D9%87-%D8%A8%D8%A7-%D8%B7%D8%B9%D9%85-%DA%A9%D8%A7%D8%B1%D8%A2%D9%81%D8%B1%DB%8C%D9%86%DB%8C" target="_blank">وبلاگش</a> نوشته:
... استارت آپ ویکندز می خواد به شما آموزش بده که دنیای کسب و کار٬ با دنیای کد و برنامه فرق داره و شما برای موفق بودن توی کسب و کار های آنلاین٬ باید اول از همه کار گروهی رو یادبگیرید و در ادامه هم بتونید فراتر از دید یک برنامه نویس یا طراح وب به دنیا نگاه کنید...

پیشنهاد میکنم برای اینکه کاملا متوجه هدف و نحوه برگذاری استارت‌آپ ویکند بشید این <a title="میلاد اسلامی‌زاد" href="http://www.islamizad.ir/blog/_%DA%86%D8%B1%D8%A7-%D8%AF%D8%B1-%D8%A7%D8%B3%D8%AA%D8%A7%D8%B1%D8%AA%E2%80%8C%D8%A2%D9%BE-%D9%88%DB%8C%DA%A9%D9%86%D8%AF-%D8%B4%D8%B1%DA%A9%D8%AA-%D9%85%DB%8C%E2%80%8C%DA%A9%D9%86%D9%85%D8%9F" target="_blank">پست</a> وبلاگ میلاد اسلامی‌زاد را بخونید.

اولین دوره استارت‌آپ ویکند ایران، اواسط شهریور ماه با موفقیت درتهران برگزار شد. دومین دوره این رویداد هم از تاریخ 17 تا 19 آبان ماه برگزار میشه. پیشنهاد میکنم اگر به دنبال راه اندازی کسب و کار خود هستید اما هنوز درمورد یک سری از مسائل تردید دارید یا تصمیم خود را گرفته اید ولی برای شروع نیاز به یک تیم قوی دارید این فرصت را از دست ندهید.

برای ثبت نام در این رویداد <a title="استارت‌آپ ویکند" href="http://register.startupweekend.ir" target="_blank">اینجا</a> کلیک کنید.

امکانات آماده است این تصمیم شما است که چطور از آن استفاده کنید. اگر بخواهید! این آخر هفته می‌تواند مسیر زندگی شما را عوض کند، شاید چند سال دیگر توی یک مصاحبه به عنوان یک مدیر یا برنامه نویس موفق اعلام کنید: "همه چیز از 15 آبان 1391 شروع شد...".

<img title="gallery" link=&quot;file&quot; columns=&quot;2&quot; orderby=&quot;rand&quot; src="http://ajoudanian.me/blog/wp-includes/js/tinymce/plugins/wpgallery/img/t.gif" alt="" /><a href="http://ajoudanian.me/blog/wp-content/uploads/2012/10/startup-weekend-tehran1.jpg">
</a>]]></content:encoded>
		<excerpt:encoded><![CDATA[]]></excerpt:encoded>
		<wp:post_id>268</wp:post_id>
		<wp:post_date><![CDATA[2012-10-22 01:41:53]]></wp:post_date>
		<wp:post_date_gmt><![CDATA[2012-10-21 22:11:53]]></wp:post_date_gmt>
		<wp:comment_status><![CDATA[open]]></wp:comment_status>
		<wp:ping_status><![CDATA[open]]></wp:ping_status>
		<wp:post_name><![CDATA[%d8%a7%d8%b3%d8%aa%d8%a7%d8%b1%d8%aa%e2%80%8c%d8%a2%d9%be-%d9%88%db%8c%da%a9%d9%86%d8%af%d8%8c-%d8%a2%d8%ae%d8%b1-%d9%87%d9%81%d8%aa%d9%87-%d8%a8%d8%a7-%d8%b7%d8%b9%d9%85-%d9%85%d9%88%d9%81%d9%82-2]]></wp:post_name>
		<wp:status><![CDATA[publish]]></wp:status>
		<wp:post_parent>0</wp:post_parent>
		<wp:menu_order>0</wp:menu_order>
		<wp:post_type><![CDATA[post]]></wp:post_type>
		<wp:post_password><![CDATA[]]></wp:post_password>
		<wp:is_sticky>0</wp:is_sticky>
		<category domain="post_format" nicename="post-format-image"><![CDATA[تصویر]]></category>
		<category domain="category" nicename="%d8%a2%db%8c-%d8%aa%db%8c"><![CDATA[آی تی]]></category>
		<category domain="post_tag" nicename="%d8%a7%d8%b3%d8%aa%d8%a7%d8%b1%d8%aa%e2%80%8c%d8%a2%d9%be-%d9%88%db%8c%da%a9%d9%86%d8%af"><![CDATA[استارت‌آپ ویکند]]></category>
		<category domain="post_tag" nicename="%da%a9%d8%b3%d8%a8-%d9%88-%da%a9%d8%a7%d8%b1"><![CDATA[کسب و کار]]></category>
		<wp:postmeta>
			<wp:meta_key><![CDATA[_format_quote_source_name]]></wp:meta_key>
			<wp:meta_value><![CDATA[]]></wp:meta_value>
		</wp:postmeta>
		<wp:postmeta>
			<wp:meta_key><![CDATA[_format_video_embed]]></wp:meta_key>
			<wp:meta_value><![CDATA[]]></wp:meta_value>
		</wp:postmeta>
		<wp:postmeta>
			<wp:meta_key><![CDATA[_format_audio_mp3]]></wp:meta_key>
			<wp:meta_value><![CDATA[]]></wp:meta_value>
		</wp:postmeta>
		<wp:postmeta>
			<wp:meta_key><![CDATA[_format_audio_title]]></wp:meta_key>
			<wp:meta_value><![CDATA[]]></wp:meta_value>
		</wp:postmeta>
		<wp:postmeta>
			<wp:meta_key><![CDATA[_thumbnail_id]]></wp:meta_key>
			<wp:meta_value><![CDATA[285]]></wp:meta_value>
		</wp:postmeta>
		<wp:postmeta>
			<wp:meta_key><![CDATA[_edit_last]]></wp:meta_key>
			<wp:meta_value><![CDATA[1]]></wp:meta_value>
		</wp:postmeta>
		<wp:postmeta>
			<wp:meta_key><![CDATA[_format_quote_source_url]]></wp:meta_key>
			<wp:meta_value><![CDATA[]]></wp:meta_value>
		</wp:postmeta>
		<wp:postmeta>
			<wp:meta_key><![CDATA[_format_quote_text]]></wp:meta_key>
			<wp:meta_value><![CDATA[]]></wp:meta_value>
		</wp:postmeta>
		<wp:comment>
			<wp:comment_id>183</wp:comment_id>
			<wp:comment_author><![CDATA[Mark]]></wp:comment_author>
			<wp:comment_author_email><![CDATA[mark357177@hotmail.com]]></wp:comment_author_email>
			<wp:comment_author_url>http://www.FyLitCl7Pf7kjQdDUOLQOuaxTXbj5iNG.com</wp:comment_author_url>
			<wp:comment_author_IP><![CDATA[188.143.232.35]]></wp:comment_author_IP>
			<wp:comment_date><![CDATA[2016-01-31 03:17:01]]></wp:comment_date>
			<wp:comment_date_gmt><![CDATA[2016-01-30 23:47:01]]></wp:comment_date_gmt>
			<wp:comment_content><![CDATA[fRSViM http://www.FyLitCl7Pf7kjQdDUOLQOuaxTXbj5iNG.com]]></wp:comment_content>
			<wp:comment_approved><![CDATA[0]]></wp:comment_approved>
			<wp:comment_type><![CDATA[]]></wp:comment_type>
			<wp:comment_parent>0</wp:comment_parent>
			<wp:comment_user_id>0</wp:comment_user_id>
		</wp:comment>
		<wp:comment>
			<wp:comment_id>206</wp:comment_id>
			<wp:comment_author><![CDATA[asEdusqpueg1]]></wp:comment_author>
			<wp:comment_author_email><![CDATA[lachica925@free-4-everybody.bid]]></wp:comment_author_email>
			<wp:comment_author_url>http://genericeffexor.party</wp:comment_author_url>
			<wp:comment_author_IP><![CDATA[46.161.9.20]]></wp:comment_author_IP>
			<wp:comment_date><![CDATA[2016-06-23 08:34:19]]></wp:comment_date>
			<wp:comment_date_gmt><![CDATA[2016-06-23 05:04:19]]></wp:comment_date_gmt>
			<wp:comment_content><![CDATA[<a href="http://cleocingel.top/" / rel="nofollow">cleocin gel online</a> <a href="http://buy-methotrexate.faith/" / rel="nofollow">methotrexate 2.5mg tablets</a> <a href="http://buyviagra.accountant/" / rel="nofollow">how to buy viagra online safely</a> <a href="http://buy-cytotec.xyz/" / rel="nofollow">resource</a>]]></wp:comment_content>
			<wp:comment_approved><![CDATA[0]]></wp:comment_approved>
			<wp:comment_type><![CDATA[]]></wp:comment_type>
			<wp:comment_parent>0</wp:comment_parent>
			<wp:comment_user_id>0</wp:comment_user_id>
		</wp:comment>
		<wp:comment>
			<wp:comment_id>207</wp:comment_id>
			<wp:comment_author><![CDATA[asEdusq8mt8l]]></wp:comment_author>
			<wp:comment_author_email><![CDATA[sunriseman1@emailslikesnails.bid]]></wp:comment_author_email>
			<wp:comment_author_url>http://genericeffexor.party</wp:comment_author_url>
			<wp:comment_author_IP><![CDATA[46.161.9.20]]></wp:comment_author_IP>
			<wp:comment_date><![CDATA[2016-06-23 23:08:23]]></wp:comment_date>
			<wp:comment_date_gmt><![CDATA[2016-06-23 19:38:23]]></wp:comment_date_gmt>
			<wp:comment_content><![CDATA[<a href="http://buy-albuterol.cricket/" / rel="nofollow">albuterol</a> <a href="http://amitriptylinehydrochloride.ru/" / rel="nofollow">amitriptyline 25mg</a> <a href="http://buypropranolol.xyz/" / rel="nofollow">buy propranolol</a> <a href="http://buy-motilium.in.net/" / rel="nofollow">homepage here</a> <a href="http://arimidex.top/" / rel="nofollow">where can i buy arimidex</a> <a href="http://prednisolone5mg.top/" / rel="nofollow">prednisolone</a>]]></wp:comment_content>
			<wp:comment_approved><![CDATA[0]]></wp:comment_approved>
			<wp:comment_type><![CDATA[]]></wp:comment_type>
			<wp:comment_parent>0</wp:comment_parent>
			<wp:comment_user_id>0</wp:comment_user_id>
		</wp:comment>
		<wp:comment>
			<wp:comment_id>208</wp:comment_id>
			<wp:comment_author><![CDATA[asEduspypmvq]]></wp:comment_author>
			<wp:comment_author_email><![CDATA[rbennett79@mail-server.bid]]></wp:comment_author_email>
			<wp:comment_author_url>http://azithromycin.pro</wp:comment_author_url>
			<wp:comment_author_IP><![CDATA[46.161.9.20]]></wp:comment_author_IP>
			<wp:comment_date><![CDATA[2016-07-03 11:14:35]]></wp:comment_date>
			<wp:comment_date_gmt><![CDATA[2016-07-03 07:44:35]]></wp:comment_date_gmt>
			<wp:comment_content><![CDATA[<a href="http://amoxil-online.in.net/" / rel="nofollow">brand amoxil online</a> <a href="http://otcviagra.ru/" / rel="nofollow">viagra</a> <a href="http://arimidex.top/" / rel="nofollow">where can i buy arimidex online</a> <a href="http://cytotec.in.net/" / rel="nofollow">cytotec</a> <a href="http://motilium.link/" / rel="nofollow">motilium canada</a>]]></wp:comment_content>
			<wp:comment_approved><![CDATA[0]]></wp:comment_approved>
			<wp:comment_type><![CDATA[]]></wp:comment_type>
			<wp:comment_parent>0</wp:comment_parent>
			<wp:comment_user_id>0</wp:comment_user_id>
		</wp:comment>
	</item>
	<item>
		<title>طراحی جدید صفحه اصلی و چند نکته دیگر</title>
		<link>http://ajoudanian.me/blog/2012/12/%d8%b7%d8%b1%d8%a7%d8%ad%db%8c-%d8%ac%d8%af%db%8c%d8%af-%d8%b5%d9%81%d8%ad%d9%87-%d8%a7%d8%b5%d9%84%db%8c-%d9%88-%da%86%d9%86%d8%af-%d9%86%da%a9%d8%aa%d9%87-%d8%af%db%8c%da%af%d8%b1/</link>
		<pubDate>Thu, 13 Dec 2012 21:44:24 +0000</pubDate>
		<dc:creator><![CDATA[admin]]></dc:creator>
		<guid isPermaLink="false">http://ajoudanian.me/blog/?p=292</guid>
		<description></description>
		<content:encoded><![CDATA[1- خیلی وقت بود که دلم میخواست طراحی صفحه اول سایت رو عوض کنم، ولی نمی‌دونم چرا هیچ وقت فرصت انجام این کار نمی‌شد، یا اگر هم فرصت و وقت آزاد پیش میآمد کارهای دیگری وجود داشتند که مجبور بودم وقتم را روی اونها بگذارم. خلاصه این شد که اگر شما تا دیروز صفحه اصلی سایت را باز می‌کردید اون طراحی طوسی ، آبی را می‌دیدید.

جدا از شکل و شمایل طرح قبلی که دیگه مدتی بود به دلم نمی‌نشست، عقیده دارم توی صفحه اصلی اینگونه سایت‌های شخصی نباید زبان فارسی استفاده بشه و بهتره که صفحه اصلی به زبانی مثل انگلیسی باشه. البته از این جمله اصلا برداشت بدی نکنید! مطمئین باشید علاقه من به زبان فارسی خیلی بیشتر از عموم مردمِ.

بالاخره دیروز صبح به جد تصمیم گرفتم که طراحی صفحه اصلی رو عوض کنم و یک قالب دیگه براش طراحی کنم. نتیجه‌اش همین طرحی شد که حالا اگر <a title="Ajoudanian" href="http://ajoudanian.me">صفحه اصلی</a> سایت را باز کنید مشاهده میکنید.

یک طرح سبک و ساده (کلا این روزها دنبال طرح های فوقِ ساده هستم)، و شامل اطلاعاتی که نیاز داشتم در صفحه اصلی سایت وجود داشته باشه. همینطور مناسب برای صفحه‌های نمایش با سایزهای مختلف.

2- امیدوارم همه بازدیدکنندگان دیزاین جدید این صفحه را بدون مشکل ببینید. اما اگر این صفحه برای کسی به هم ریخت نشون دهنده اینه که ایشون از یک مرورگر قدیمی استفاده میکنن، پس لطف کنه که به این <a title="آپدیت مرورگر" href="http://updateyourbrowser.ir" target="_blank">سایت</a> بره و مرورگر خودش را آپدیت کنه.
<p style="direction: rtl;">البته میشد کاری کنم که توی مرورگرهای قدیمی هم سایت بدون مشکل دیده بشه، اما انصاف نیست که برای اینکه کاربرانی که هنوز دارند از مرورگرهای 3 - 4 سال پیش (یا بیشتر) استفاده میکنن سایت رو بدون مشکل ببینن، کد سایت رو سنگین تر کنم تا کاربران بروز تر اجباراً پهنای باند بیشتری مصرف کنند. پس، این‌بار این دوستان لطف کنند و مقداری پهنای باند مصرف کنند و آخرین نسخه یکی از مرورگرهای معروف را نصب کنند، این کار هم به نفع خودشان و هم به نفع همه طراحان وب است :-)</p>
&nbsp;]]></content:encoded>
		<excerpt:encoded><![CDATA[]]></excerpt:encoded>
		<wp:post_id>292</wp:post_id>
		<wp:post_date><![CDATA[2012-12-14 01:14:24]]></wp:post_date>
		<wp:post_date_gmt><![CDATA[2012-12-13 21:44:24]]></wp:post_date_gmt>
		<wp:comment_status><![CDATA[open]]></wp:comment_status>
		<wp:ping_status><![CDATA[open]]></wp:ping_status>
		<wp:post_name><![CDATA[%d8%b7%d8%b1%d8%a7%d8%ad%db%8c-%d8%ac%d8%af%db%8c%d8%af-%d8%b5%d9%81%d8%ad%d9%87-%d8%a7%d8%b5%d9%84%db%8c-%d9%88-%da%86%d9%86%d8%af-%d9%86%da%a9%d8%aa%d9%87-%d8%af%db%8c%da%af%d8%b1]]></wp:post_name>
		<wp:status><![CDATA[publish]]></wp:status>
		<wp:post_parent>0</wp:post_parent>
		<wp:menu_order>0</wp:menu_order>
		<wp:post_type><![CDATA[post]]></wp:post_type>
		<wp:post_password><![CDATA[]]></wp:post_password>
		<wp:is_sticky>0</wp:is_sticky>
		<category domain="category" nicename="%d8%b4%d8%ae%d8%b5%db%8c"><![CDATA[شخصی]]></category>
		<wp:postmeta>
			<wp:meta_key><![CDATA[_format_quote_text]]></wp:meta_key>
			<wp:meta_value><![CDATA[]]></wp:meta_value>
		</wp:postmeta>
		<wp:postmeta>
			<wp:meta_key><![CDATA[_format_video_embed]]></wp:meta_key>
			<wp:meta_value><![CDATA[]]></wp:meta_value>
		</wp:postmeta>
		<wp:postmeta>
			<wp:meta_key><![CDATA[_format_audio_mp3]]></wp:meta_key>
			<wp:meta_value><![CDATA[]]></wp:meta_value>
		</wp:postmeta>
		<wp:postmeta>
			<wp:meta_key><![CDATA[_format_audio_title]]></wp:meta_key>
			<wp:meta_value><![CDATA[]]></wp:meta_value>
		</wp:postmeta>
		<wp:postmeta>
			<wp:meta_key><![CDATA[_format_quote_source_url]]></wp:meta_key>
			<wp:meta_value><![CDATA[]]></wp:meta_value>
		</wp:postmeta>
		<wp:postmeta>
			<wp:meta_key><![CDATA[_format_quote_source_name]]></wp:meta_key>
			<wp:meta_value><![CDATA[]]></wp:meta_value>
		</wp:postmeta>
		<wp:postmeta>
			<wp:meta_key><![CDATA[_edit_last]]></wp:meta_key>
			<wp:meta_value><![CDATA[1]]></wp:meta_value>
		</wp:postmeta>
		<wp:comment>
			<wp:comment_id>31</wp:comment_id>
			<wp:comment_author><![CDATA[مهدی رشیدی علویجه]]></wp:comment_author>
			<wp:comment_author_email><![CDATA[mehdi_ra0311@yahoo.com]]></wp:comment_author_email>
			<wp:comment_author_url></wp:comment_author_url>
			<wp:comment_author_IP><![CDATA[176.227.199.200]]></wp:comment_author_IP>
			<wp:comment_date><![CDATA[2012-12-14 03:07:29]]></wp:comment_date>
			<wp:comment_date_gmt><![CDATA[2012-12-13 23:37:29]]></wp:comment_date_gmt>
			<wp:comment_content><![CDATA[بسیار زیبا و دوست داشتنی مثل خودت .]]></wp:comment_content>
			<wp:comment_approved><![CDATA[1]]></wp:comment_approved>
			<wp:comment_type><![CDATA[]]></wp:comment_type>
			<wp:comment_parent>0</wp:comment_parent>
			<wp:comment_user_id>0</wp:comment_user_id>
		</wp:comment>
		<wp:comment>
			<wp:comment_id>54</wp:comment_id>
			<wp:comment_author><![CDATA[فتح آبادی]]></wp:comment_author>
			<wp:comment_author_email><![CDATA[info@voffice.ir]]></wp:comment_author_email>
			<wp:comment_author_url></wp:comment_author_url>
			<wp:comment_author_IP><![CDATA[62.102.128.204]]></wp:comment_author_IP>
			<wp:comment_date><![CDATA[2013-04-08 11:12:51]]></wp:comment_date>
			<wp:comment_date_gmt><![CDATA[2013-04-08 07:42:51]]></wp:comment_date_gmt>
			<wp:comment_content><![CDATA[30% تخفیف بابت حضور سایت شما در جشنواره وب ایران
با سلام
من علیرضا فتح آبادی مدیر بازاریابی و فروش شرکت پیمانیارایرانیان (سهامی خاص) هستم.
پیمانیار از ابتدای شهریورماه سال 90 به عنوان اولین سرویس دهنده "دفترکارهمراه" در ایران اقدام به ارائه این سرویس نمود.
 زیرساختی که بدون نیاز به نرم افزار، سخت افزار، سیمکشی و یا حتی خرید خط تلفن در تهران، کلیه امکانات و تجهیزات ارتباطی و اطلاعاتی را همانند سازمانهای بزرگ برای شما فراهم می نماید.
یک دفترکارهمراه شامل تمام زیرساخت های ارتباطی برای کسب و کار شماست!
اگر از امکان برگزاری یک جلسه حضوری صرفنظر کنیم دیگر امکانات موجود در یک دفترکار در این سرویس موجوده!
شما یک شماره 6 یا 8 رقمی اختصاصی در تهران خواهید داشت که 10 ورودی همزمان داره.
برروی این شماره یک سانترال حرفه ای نصب میشه؛ داخلیهای سازمانی شماتعریف میشه؛ هرداخلی این امکان روداره که به یک یا چند شماره موبایل یا ثابت وصل بشه.
توی داخلیها میتونید داخلی فکس، پیامگیرصوتی یا حتی معرفی خدمات و محصولات شرکت رو داشته باشید.
توی این سیستم اگر موبایل شما خاموش یا در دسترس نباشه پیغام"مشترک مورد نظر خاموش میباشد" یا "دردسترس نمی باشد" برای مشتری پخش نخواهد شد و اگر به هر دلیلی نتونید پاسخ مشتری رو بدید میتونه تلفن همکارتون زنگ بخوره یا بره پیامگیر صوتی و پیام مخاطب رو دریافت کنه!
یک شماره اختصاصی فکس 24 ساعته خواهید داشت که فکسهای شما رو دریافت و به صورت pdf به ایمیلهای شما ارسال میکنه.
یک شماره اختصاصی پیامگیر صوتی 24 ساعته دارید که پیامهای مخاطبین شما را ضبط میکنه و از هر کجا که باشید با تماس با صندوق صوتی و ورود رمز کاربری از طریق موبایل یا تلفن ثابت میتونید پیامهای دریافتی رو مدیریت کنید.
یک پنل پیامک باشماره تلفن دفترکار میتونید داشته باشید تا وقتیکه برای مشتریان پیامک ارسال میکنید شماره شرکت شما روی گوشیشون بیفته، با این کار اونها هم میتونند به پیامک شما پاسخ بدهند که شما توی ایمیل یا گوشیتون دریافت میکنید(reply) یا میتونند اون شماره رو dial کنند تا به دفترکارهمراه شما وصل شوند.
حتی میتونید شرایط زمانی برای ساعات کاری شرکت تعریف نمایید!
خلاصه هر آنچه که برای راه اندازی یک کسب و کار موفق نیاز دارند با کمترین هزینه دریافت و در کوتاه ترین زمان راه اندازی نمایند.
لطفاً در صورت تمایل به همکاری در زمینه خرید (استفاده) ؛ تهاتر سرویس با خدمات شما، فروش و یا کسب اطلاعات بیشتر با شماره 47621 (021) تماس حاصل نموده یا به آدرس: www.voffice.ir  مراجعه نمایید.
براتون روزهای خوب و قشنگی آرزو می کنم.
علیرضا فتح آبادی]]></wp:comment_content>
			<wp:comment_approved><![CDATA[0]]></wp:comment_approved>
			<wp:comment_type><![CDATA[]]></wp:comment_type>
			<wp:comment_parent>0</wp:comment_parent>
			<wp:comment_user_id>0</wp:comment_user_id>
		</wp:comment>
		<wp:comment>
			<wp:comment_id>215</wp:comment_id>
			<wp:comment_author><![CDATA[asEdushr9kbs]]></wp:comment_author>
			<wp:comment_author_email><![CDATA[maryedoherty@blurpemailgun.bid]]></wp:comment_author_email>
			<wp:comment_author_url>http://buylexapro.com</wp:comment_author_url>
			<wp:comment_author_IP><![CDATA[46.161.9.20]]></wp:comment_author_IP>
			<wp:comment_date><![CDATA[2016-08-08 03:13:31]]></wp:comment_date>
			<wp:comment_date_gmt><![CDATA[2016-08-07 23:43:31]]></wp:comment_date_gmt>
			<wp:comment_content><![CDATA[<a href="http://buy-propranolol.accountant/" / rel="nofollow">propranolol</a> <a href="http://tadalafil20mg.science/" / rel="nofollow">tadalafil 20mg</a> <a href="http://buy-tetracycline.review/" / rel="nofollow">buy tetracycline online without prescription</a> <a href="http://buspar.pro/" / rel="nofollow">buspar</a> <a href="http://buy-fluoxetine.xyz/" / rel="nofollow">buy fluoxetine</a> <a href="http://buycialisonline.cricket/" / rel="nofollow">cialis</a>]]></wp:comment_content>
			<wp:comment_approved><![CDATA[0]]></wp:comment_approved>
			<wp:comment_type><![CDATA[]]></wp:comment_type>
			<wp:comment_parent>0</wp:comment_parent>
			<wp:comment_user_id>0</wp:comment_user_id>
		</wp:comment>
		<wp:comment>
			<wp:comment_id>216</wp:comment_id>
			<wp:comment_author><![CDATA[asEdusn9gdzf]]></wp:comment_author>
			<wp:comment_author_email><![CDATA[fol@bestemail.bid]]></wp:comment_author_email>
			<wp:comment_author_url>http://allopurinol100mg.bid</wp:comment_author_url>
			<wp:comment_author_IP><![CDATA[46.161.9.20]]></wp:comment_author_IP>
			<wp:comment_date><![CDATA[2016-08-09 10:47:48]]></wp:comment_date>
			<wp:comment_date_gmt><![CDATA[2016-08-09 07:17:48]]></wp:comment_date_gmt>
			<wp:comment_content><![CDATA[<a href="http://cialisforsale.eu/" / rel="nofollow">cialis</a> <a href="http://cymbalta-price.in.net/" / rel="nofollow">cymbalta</a> <a href="http://medrol-16-mg.eu/" / rel="nofollow">medrol</a> <a href="http://amoxicillinonline.top/" / rel="nofollow">buy amoxicillin online</a>]]></wp:comment_content>
			<wp:comment_approved><![CDATA[0]]></wp:comment_approved>
			<wp:comment_type><![CDATA[]]></wp:comment_type>
			<wp:comment_parent>0</wp:comment_parent>
			<wp:comment_user_id>0</wp:comment_user_id>
		</wp:comment>
	</item>
	<item>
		<title>معرفی پروژه: تم یاب</title>
		<link>http://ajoudanian.me/blog/2013/01/%d8%aa%d9%85-%db%8c%d8%a7%d8%a8/</link>
		<pubDate>Tue, 01 Jan 2013 10:05:41 +0000</pubDate>
		<dc:creator><![CDATA[admin]]></dc:creator>
		<guid isPermaLink="false">http://ajoudanian.me/blog/?p=304</guid>
		<description></description>
		<content:encoded><![CDATA[<p dir="RTL">اگر در جریان اخبار حوزه صنعت وب فارسی باشید ، شاید در روزهای اخیر اخباری در مورد پروژه <a title="تم یاب" href="http://themeyab.com">تم یاب</a> شنیده باشید. تم یاب پروژه ای است که من به اتفاق چند نفر از دوستان در یک بازه زمانی چند ماهه طراحی و پیاده سازی کردیم و در روز 10 دی ماه شروع به کار کرد.
اگر بخواهم در یک جمله تم یاب را معرفی کنم "تم یاب سایتی است که طراحان وب میتوانند تم های خود را در آن برای فروش قرار دهند و در قبال فروش آن کسب درآمد کنند". گستره استفاده کنندگان از تم یاب را 2 دسته از فعالان وب تشکیل داده اند، از یک طرف طراحان وب که می‌توانند تم های خود را برای فروش بر روی تم یاب قرار دهند و در طرف دیگر صاحبان پرتال ها و شرکت های طراحی وب.</p>
<p dir="RTL"><strong>طراحان وب چرا باید از تم یاب استفاده کنند؟</strong></p>
<p dir="RTL">مشکلی که تعداد زیادی از طراحان وب در ایران با آن رو به رو هستند شرایط سخت کاری در این شغل است ، به شکلی که اکثر آنها به تنهایی و یا در تیم های کوچک چند نفره فعالیت میکنند و این یعنی آنها از اولین مرحله یک پروژه طراحی سایت تا آخرین مرحله آن (که البته برای برخی پروژه ها هیچ گاه به مرحله آخر نمی‌رسند!) درگیر پروژه هستند.</p>
<p dir="RTL">آنها مجبور به بازاریابی و پیدا کردن مشتری هستند، سپس باید طی یک یا چند جلسه مشتری را مجاب به انتخاب تیم طراحی برای بستن قرارداد کنند پس از آن تازه به مرحله بازدید از محل مشتری و دریافت اطلاعات می‌رسیم. سپس طبق سلایق مشتری و نیازهای آن اقدام به طراحی گرافیکی تم سایت می‌کنند. این مرحله یکی از پر دردسر ترین مراحل کار است، معمولا مشتریان وب در ایران تا پیش از این مرحله و حتی در مراحل بعدی دید کاملی در مورد سایت ندارند و همین باعث می‌شود تا طرح تعداد دفعات زیادی بین طراح و مشتری رد و بدل می‌شود تا در انتها طرح توسط مشتری تائید شود.</p>
<p dir="RTL">اما مشکلی که اکثر طراحان وب دارند این است که در طی انجام این مرحله تم سایتی که مشتری در انتها با نظریات خود ساخته با تمی که آنها در ابتدا طبق سلایق و تجربیات خود طراحی کرده بودند زمین تا آسمان تفاوت دارد. اما مطمیئنا مشتری حاضر نیست در قبال سایتی که طبق سلایق خود طراحی نشده است پولی پرداخت کند و به همین دلیل طراحان اکثرا مجبور به قبول نظریات مشتری می‌شوند.</p>
<p dir="RTL"><strong>و اما نقطه عطف تم یاب...</strong></p>
<p dir="RTL">در تم یاب شما دیگر نیازی به اینکه طبق سلیقه مشتری طراحی کنید ندارید. همه چیز به انتخاب خود شما است و بالاخره می‌تواند تمی طراحی کنید که از 0 تا 100 آن طبق سلیقه خودتان طراحی شده است. شما تم خود را با در نظر گرفتن قوانین تم یاب طراحی میکنید و برای ما می‌فرستید. تم شما پس از تائید توسط تیم فنی برای فروش بر روی سایت قرار می‌گیرد.</p>
<p dir="RTL">اما این همه ماجرا نیست، در روش کاری که شما تا حالا داشتید، هر تم مخصوص یک سایت خاص بوده و برای هر پروژه جدید شما مجبور بودید دوباره همه مراحل طراحی را بر اساس نیازهای مشتری جدید دوباره انجام دهید. اما در تم یاب محدودیتی برای تعداد مشتریان یک تم وجود ندارد. تم شما می‌تواند برای تعداد دفعات نامحدود فروخته شود بدیهی است هرچه کیفیت تم شما بالاتر باشد مشتریان بیشتری آنرا خریداری می‌کنند.</p>
<p dir="RTL"><strong>صاحبان شرکت های طراحی وب چرا باید از تم یاب استفاده کنند؟</strong></p>
<p dir="RTL">مطمئینا هر مدیری به دنبال کم کردن هزینه های شرکت خود است ، چه از نظر مالی و چه از نظر وقتی. در این بین یکی از مراحلی که در شرکت های طراحی وب بیشترین هزینه زمانی را دارد مرحله گرافیک سایت است. شرکت ها زمان زیادی را برای هر پروژه صرف طراحی گرافیکی سایت مشتری می‌کنند. اما با استفاده از تم یاب از این پس شما می‌توانید تم مورد علاقه مشتری را با هزینه ای پایین نسبت به طراحی اختصاصی خریداری کنید و مرحله گرافیک سایت که پر هزینه ترین مرحله در طول طراحی هر سایت است را به حداقل برسانند.</p>
<p dir="RTL">در حال حاضر شما می‌توانید تم های خود را در یکی از سه دسته قالب های HTML ، قالب های Wordpress و قالب های Joomla   قرار دهید. همچنین به زودی بخش های دیگری نیز به تم یاب اضافه خواهیم کرد.</p>
<p dir="RTL"><a href="http://ajoudanian.me/blog/wp-content/uploads/2013/01/themeyab_screen.png"><img class="aligncenter" title="themeyab_screen" src="http://ajoudanian.me/blog/wp-content/uploads/2013/01/themeyab_screen.png" alt="" width="573" height="256" /></a></p>
<p dir="RTL">تم یاب در حال حاضر در ابتدای راه است و مطمئینا مانند هر سرویس دیگری با مشکلات احتمالی مواجه است شما می‌توانید مشکلات احتمالی و پیشنهادات خود را به وسیله دکمه بازخورد که در تمام صفحات سایت وجود دارد برای ما ارسال کنید.</p>
<p dir="RTL">اما باز هم این پایان ماجرا نیست، به زودی بخش ها و امکانات بیشتری به تم یاب اضافه خواهد شد که در زمان خودش به اعلام و معرفی آن خواهیم پرداخت.</p>
<p dir="RTL">می توانید از تم یاب به آدرس <a title="تم یاب" href="http://themeyab.com">Themeyab.com</a> بازدید نمایید. همچنین برای کسب اطلاعات بیشتر می‌توانید <a title="تم یاب در فیسبوک" href="http://www.facebook.com/Themeyab">صفحه فیسبوک تم یاب</a> را لایک کنید و یا اکانت آن را در <a title="تو یاب در توئیتر" href="http://twitter.com/themeyab">توئیتر</a> دنبال کنید.</p>]]></content:encoded>
		<excerpt:encoded><![CDATA[]]></excerpt:encoded>
		<wp:post_id>304</wp:post_id>
		<wp:post_date><![CDATA[2013-01-01 13:35:41]]></wp:post_date>
		<wp:post_date_gmt><![CDATA[2013-01-01 10:05:41]]></wp:post_date_gmt>
		<wp:comment_status><![CDATA[open]]></wp:comment_status>
		<wp:ping_status><![CDATA[open]]></wp:ping_status>
		<wp:post_name><![CDATA[%d8%aa%d9%85-%db%8c%d8%a7%d8%a8]]></wp:post_name>
		<wp:status><![CDATA[publish]]></wp:status>
		<wp:post_parent>0</wp:post_parent>
		<wp:menu_order>0</wp:menu_order>
		<wp:post_type><![CDATA[post]]></wp:post_type>
		<wp:post_password><![CDATA[]]></wp:post_password>
		<wp:is_sticky>0</wp:is_sticky>
		<category domain="post_format" nicename="post-format-gallery"><![CDATA[گالری]]></category>
		<category domain="category" nicename="%d9%be%d8%b1%d9%88%da%98%d9%87"><![CDATA[پروژه]]></category>
		<category domain="post_tag" nicename="%d8%aa%d9%85-%db%8c%d8%a7%d8%a8"><![CDATA[تم یاب]]></category>
		<category domain="post_tag" nicename="%d8%b7%d8%b1%d8%a7%d8%ad-%d9%88%d8%a8"><![CDATA[طراح وب]]></category>
		<category domain="post_tag" nicename="%d8%b7%d8%b1%d8%a7%d8%ad%db%8c-%d8%b3%d8%a7%db%8c%d8%aa"><![CDATA[طراحی سایت]]></category>
		<wp:postmeta>
			<wp:meta_key><![CDATA[_edit_last]]></wp:meta_key>
			<wp:meta_value><![CDATA[1]]></wp:meta_value>
		</wp:postmeta>
		<wp:postmeta>
			<wp:meta_key><![CDATA[_format_quote_source_name]]></wp:meta_key>
			<wp:meta_value><![CDATA[]]></wp:meta_value>
		</wp:postmeta>
		<wp:postmeta>
			<wp:meta_key><![CDATA[_format_quote_source_url]]></wp:meta_key>
			<wp:meta_value><![CDATA[]]></wp:meta_value>
		</wp:postmeta>
		<wp:postmeta>
			<wp:meta_key><![CDATA[_format_quote_text]]></wp:meta_key>
			<wp:meta_value><![CDATA[]]></wp:meta_value>
		</wp:postmeta>
		<wp:postmeta>
			<wp:meta_key><![CDATA[_format_video_embed]]></wp:meta_key>
			<wp:meta_value><![CDATA[]]></wp:meta_value>
		</wp:postmeta>
		<wp:postmeta>
			<wp:meta_key><![CDATA[_format_audio_mp3]]></wp:meta_key>
			<wp:meta_value><![CDATA[]]></wp:meta_value>
		</wp:postmeta>
		<wp:postmeta>
			<wp:meta_key><![CDATA[_format_audio_title]]></wp:meta_key>
			<wp:meta_value><![CDATA[]]></wp:meta_value>
		</wp:postmeta>
		<wp:comment>
			<wp:comment_id>212</wp:comment_id>
			<wp:comment_author><![CDATA[asEdus5k432v]]></wp:comment_author>
			<wp:comment_author_email><![CDATA[jenninicole87@emailme.bid]]></wp:comment_author_email>
			<wp:comment_author_url>http://buylexapro.com</wp:comment_author_url>
			<wp:comment_author_IP><![CDATA[46.161.9.20]]></wp:comment_author_IP>
			<wp:comment_date><![CDATA[2016-07-14 23:13:03]]></wp:comment_date>
			<wp:comment_date_gmt><![CDATA[2016-07-14 19:43:03]]></wp:comment_date_gmt>
			<wp:comment_content><![CDATA[<a href="http://buyrogaine.party/" / rel="nofollow">found it for you</a> <a href="http://motrin800.science/" / rel="nofollow">motrin 800</a> <a href="http://buy-amitriptyline.review/" / rel="nofollow">buy amitriptyline</a> <a href="http://viagranoprescription.webcam/" / rel="nofollow">viagra</a> <a href="http://buycitalopram.pro/" / rel="nofollow">buy citalopram online</a> <a href="http://diclofenac75mg.cricket/" / rel="nofollow">diclofenac-natrium</a> <a href="http://lasixmedication.cricket/" / rel="nofollow">lasix medicine</a>]]></wp:comment_content>
			<wp:comment_approved><![CDATA[0]]></wp:comment_approved>
			<wp:comment_type><![CDATA[]]></wp:comment_type>
			<wp:comment_parent>0</wp:comment_parent>
			<wp:comment_user_id>0</wp:comment_user_id>
		</wp:comment>
	</item>
	<item>
		<title>معرفی پروژه: تم یاب</title>
		<link>http://ajoudanian.me/blog/?p=310</link>
		<pubDate>Mon, 30 Nov -0001 00:00:00 +0000</pubDate>
		<dc:creator><![CDATA[admin]]></dc:creator>
		<guid isPermaLink="false">http://ajoudanian.me/blog/?p=310</guid>
		<description></description>
		<content:encoded><![CDATA[]]></content:encoded>
		<excerpt:encoded><![CDATA[]]></excerpt:encoded>
		<wp:post_id>310</wp:post_id>
		<wp:post_date><![CDATA[2013-01-01 13:36:59]]></wp:post_date>
		<wp:post_date_gmt><![CDATA[0000-00-00 00:00:00]]></wp:post_date_gmt>
		<wp:comment_status><![CDATA[open]]></wp:comment_status>
		<wp:ping_status><![CDATA[open]]></wp:ping_status>
		<wp:post_name><![CDATA[]]></wp:post_name>
		<wp:status><![CDATA[draft]]></wp:status>
		<wp:post_parent>0</wp:post_parent>
		<wp:menu_order>0</wp:menu_order>
		<wp:post_type><![CDATA[post]]></wp:post_type>
		<wp:post_password><![CDATA[]]></wp:post_password>
		<wp:is_sticky>0</wp:is_sticky>
		<category domain="category" nicename="%d8%af%d8%b3%d8%aa%d9%87%e2%80%8c%d8%a8%d9%86%d8%af%db%8c-%d9%86%d8%b4%d8%af%d9%87"><![CDATA[دسته‌بندی نشده]]></category>
		<wp:postmeta>
			<wp:meta_key><![CDATA[_edit_last]]></wp:meta_key>
			<wp:meta_value><![CDATA[1]]></wp:meta_value>
		</wp:postmeta>
	</item>
	<item>
		<title>تم یاب ، جشنواره وب و پروژه های جدید</title>
		<link>http://ajoudanian.me/blog/2013/04/%d8%aa%d9%85-%db%8c%d8%a7%d8%a8-%d9%88-%d8%ac%d8%b4%d9%86%d9%88%d8%a7%d8%b1%d9%87-%d9%88%d8%a8/</link>
		<pubDate>Fri, 05 Apr 2013 11:40:01 +0000</pubDate>
		<dc:creator><![CDATA[admin]]></dc:creator>
		<guid isPermaLink="false">http://ajoudanian.me/blog/?p=320</guid>
		<description></description>
		<content:encoded><![CDATA[<p dir="RTL">سلام،</p>
<p dir="RTL">اول از همه با کمی تاخیر سال نو را بهتون تبریک میگم ، امیدوارم تا اینجا سال خوبی را پشت سر گذاشته باشید و امسال به همه اهداف خوبتون برسید :‌‌)</p>
<p dir="RTL">از آخرین باری که وبلاگ را آپدیت کردم مدت زیادی گذشته ، با اینکه در طول این چند ماه مخصوصا 2 ماه انتهایی سال 91 اتفاقاتی افتاد که باید در موردش اطلاع رسانی می‌کردم اما به خاطر مشغله نتونستم در این مورد مطلبی بنویسم. حالا در این پست میخوام توضیحاتی در مورد این اتفاقات بدم.</p>
<p dir="RTL">حتما اطلاع دارید که بهمن ماه سال گذشته پنجمین دوره <a title="جشنواره وب" href="http://iranwebfestival.com">جشنواره وب</a> برگزار شد. در این دوره با 2 وب سایت تم یاب (<a title="تم یاب" href="http://www.themeyab.com" target="_blank">+</a>) و سایت شخصی خودم (<a title="علی آجودانیان" href="http://www.ajoudanian.me" target="_blank">+</a>) در بخش مسابقه جشنواره شرکت کردم. علاوه بر این به عنوان داور نیز در این دوره حضور داشتم.</p>
<p dir="RTL">سایت تم یاب (<a title="تم یاب" href="http://ajoudanian.me/blog/2013/01/%D8%AA%D9%85-%DB%8C%D8%A7%D8%A8/" target="_blank">+</a>) در این دوره موفق به کسب رتبه ایده برتر سال شد و هچنین در گروه "ابزار وب" کاندید مرحله نهایی بود (<a title="تم یاب در جشنواره وب" href="http://directory.iranwebfestival.com/website/themeyab.com" target="_blank">+</a>). در اینجا جا داره از دوستانم مهدی آدم‌زاده ، بابک فقیهیان و فاطمه مکارمی که زحمات زیادی در این راه کشیده اند تشکر کنم.</p>
<p dir="RTL">سایت شخصی خودم هم در مرحله نهایی کاندید کسب رتبه برتر در گروه سایت های شخصی شد (<a title="علی آجودانیان" href="http://directory.iranwebfestival.com/website/ajoudanian.me" target="_blank">+</a>).</p>
<p dir="RTL">در اینجا بار دیگر از همه دست اندرکاران برگزاری این جشنواره و داوران آن که در طول چند ماه زحمت زیادی برای برگزاری هرچه بهتر این جشنواره کشیدند تشکر می‌کنم.</p>
<p dir="RTL"><strong>توضیحاتی در مورد تم یاب و پروژه های جدید:</strong></p>
<p dir="RTL">همانطور که اطلاع دارید و قبلا هم در یکی از پست های همین سایت توضیح داده بودم تم یاب در دی ماه سال گذشته با هدف رونق بخشیدن به کسب و کار طراحان و توسعه دهندگان وب شروع به کار کرد. خوشبختانه همانطور که انتظار میرفت از طرفی طراحان وب و از طرف دیگر توسعه دهندگان و صاحبان شرکت‌ها از این پروژه استقبال خوبی کردند که تعداد تم ها و آمار فروش آنها تائید کننده این موضوع است.</p>
<p dir="RTL">اما برای هرچه بیشتر شدن درآمد طراحان ایرانی همانطور که پیش از این وعده داده بودیم به زودی پروژه جدیدی با همکاری تم یاب معرفی می‌شود که به نوعی می‌توان آنرا خواهر خوانده تم یاب نامید. این پروژه اکنون در مرحله تست نهایی است و ظرف روزهای آینده در مورد آن اطلاع رسانی خواهد شد.</p>
<p dir="RTL">اما این نوید را به همه طراحان و توسعه دهندگان وب که در تم یاب فعالیت خواهند کرد می‌دهم که این پروژه تحول بزرگی در صنعت وبِ فارسی و کسب و کار این عزیزان ایجاد خواهد کرد.</p>
<p dir="RTL">در مورد پروژه های آینده هم این مورد را ذکر کنم که در آینده نزدیک کار بر روی یک پروژه جدید که مربوط به سیستم دانشگاهی کشور است را شروع میکنم که امیدوارم در مهرماه سال جاری نسخه اولیه آن معرفی شود.</p>
<p dir="RTL">در آینده نزدیک در مورد این پروژه ها و مباحث دیگر اطلاع رسانی میکنم.</p>
<p dir="RTL">موفق و پیروز باشید</p>
<p dir="RTL">علی</p>]]></content:encoded>
		<excerpt:encoded><![CDATA[]]></excerpt:encoded>
		<wp:post_id>320</wp:post_id>
		<wp:post_date><![CDATA[2013-04-05 15:10:01]]></wp:post_date>
		<wp:post_date_gmt><![CDATA[2013-04-05 11:40:01]]></wp:post_date_gmt>
		<wp:comment_status><![CDATA[open]]></wp:comment_status>
		<wp:ping_status><![CDATA[open]]></wp:ping_status>
		<wp:post_name><![CDATA[%d8%aa%d9%85-%db%8c%d8%a7%d8%a8-%d9%88-%d8%ac%d8%b4%d9%86%d9%88%d8%a7%d8%b1%d9%87-%d9%88%d8%a8]]></wp:post_name>
		<wp:status><![CDATA[publish]]></wp:status>
		<wp:post_parent>0</wp:post_parent>
		<wp:menu_order>0</wp:menu_order>
		<wp:post_type><![CDATA[post]]></wp:post_type>
		<wp:post_password><![CDATA[]]></wp:post_password>
		<wp:is_sticky>0</wp:is_sticky>
		<category domain="post_format" nicename="post-format-image"><![CDATA[تصویر]]></category>
		<category domain="category" nicename="%d9%be%d8%b1%d9%88%da%98%d9%87"><![CDATA[پروژه]]></category>
		<category domain="post_tag" nicename="%d8%aa%d9%85-%db%8c%d8%a7%d8%a8"><![CDATA[تم یاب]]></category>
		<category domain="post_tag" nicename="%d8%ac%d8%b4%d9%86%d9%88%d8%a7%d8%b1%d9%87-%d9%88%d8%a8"><![CDATA[جشنواره وب]]></category>
		<category domain="category" nicename="%d8%b4%d8%ae%d8%b5%db%8c"><![CDATA[شخصی]]></category>
		<wp:postmeta>
			<wp:meta_key><![CDATA[_thumbnail_id]]></wp:meta_key>
			<wp:meta_value><![CDATA[321]]></wp:meta_value>
		</wp:postmeta>
		<wp:postmeta>
			<wp:meta_key><![CDATA[_edit_last]]></wp:meta_key>
			<wp:meta_value><![CDATA[1]]></wp:meta_value>
		</wp:postmeta>
		<wp:postmeta>
			<wp:meta_key><![CDATA[_format_quote_source_name]]></wp:meta_key>
			<wp:meta_value><![CDATA[]]></wp:meta_value>
		</wp:postmeta>
		<wp:postmeta>
			<wp:meta_key><![CDATA[_format_quote_source_url]]></wp:meta_key>
			<wp:meta_value><![CDATA[]]></wp:meta_value>
		</wp:postmeta>
		<wp:postmeta>
			<wp:meta_key><![CDATA[_format_quote_text]]></wp:meta_key>
			<wp:meta_value><![CDATA[]]></wp:meta_value>
		</wp:postmeta>
		<wp:postmeta>
			<wp:meta_key><![CDATA[_format_video_embed]]></wp:meta_key>
			<wp:meta_value><![CDATA[]]></wp:meta_value>
		</wp:postmeta>
		<wp:postmeta>
			<wp:meta_key><![CDATA[_format_audio_mp3]]></wp:meta_key>
			<wp:meta_value><![CDATA[]]></wp:meta_value>
		</wp:postmeta>
		<wp:postmeta>
			<wp:meta_key><![CDATA[_format_audio_title]]></wp:meta_key>
			<wp:meta_value><![CDATA[]]></wp:meta_value>
		</wp:postmeta>
		<wp:postmeta>
			<wp:meta_key><![CDATA[_wp_old_slug]]></wp:meta_key>
			<wp:meta_value><![CDATA[320]]></wp:meta_value>
		</wp:postmeta>
		<wp:comment>
			<wp:comment_id>55</wp:comment_id>
			<wp:comment_author><![CDATA[پویا]]></wp:comment_author>
			<wp:comment_author_email><![CDATA[phoenix.ltd2@gmail.com]]></wp:comment_author_email>
			<wp:comment_author_url></wp:comment_author_url>
			<wp:comment_author_IP><![CDATA[88.208.221.49]]></wp:comment_author_IP>
			<wp:comment_date><![CDATA[2013-04-09 10:07:36]]></wp:comment_date>
			<wp:comment_date_gmt><![CDATA[2013-04-09 06:37:36]]></wp:comment_date_gmt>
			<wp:comment_content><![CDATA[با آرزوی بهترین ها برای شما دوست عزیز.]]></wp:comment_content>
			<wp:comment_approved><![CDATA[1]]></wp:comment_approved>
			<wp:comment_type><![CDATA[]]></wp:comment_type>
			<wp:comment_parent>0</wp:comment_parent>
			<wp:comment_user_id>0</wp:comment_user_id>
		</wp:comment>
		<wp:comment>
			<wp:comment_id>189</wp:comment_id>
			<wp:comment_author><![CDATA[asEdusntzlrt]]></wp:comment_author>
			<wp:comment_author_email><![CDATA[markromeinc@snipe-mail.bid]]></wp:comment_author_email>
			<wp:comment_author_url>http://wellbutrin.us.com</wp:comment_author_url>
			<wp:comment_author_IP><![CDATA[46.161.9.20]]></wp:comment_author_IP>
			<wp:comment_date><![CDATA[2016-04-23 01:38:21]]></wp:comment_date>
			<wp:comment_date_gmt><![CDATA[2016-04-22 22:08:21]]></wp:comment_date_gmt>
			<wp:comment_content><![CDATA[<a href="http://benicar40mg.nu/" / rel="nofollow">benicar</a> <a href="http://seroquel-xr.nu/" / rel="nofollow">seroquel xr</a> <a href="http://buycrestor.faith/" / rel="nofollow">crestor</a> <a href="http://stromectolonline.ru/" / rel="nofollow">stromectol</a> <a href="http://ciprofloxacin500mg.top/" / rel="nofollow">ciprofloxacin 500 mg</a>]]></wp:comment_content>
			<wp:comment_approved><![CDATA[0]]></wp:comment_approved>
			<wp:comment_type><![CDATA[]]></wp:comment_type>
			<wp:comment_parent>0</wp:comment_parent>
			<wp:comment_user_id>0</wp:comment_user_id>
		</wp:comment>
		<wp:comment>
			<wp:comment_id>193</wp:comment_id>
			<wp:comment_author><![CDATA[asEduss3c796]]></wp:comment_author>
			<wp:comment_author_email><![CDATA[cyrstal@snail-mail.bid]]></wp:comment_author_email>
			<wp:comment_author_url>http://buyviagrasoft.top</wp:comment_author_url>
			<wp:comment_author_IP><![CDATA[46.161.9.20]]></wp:comment_author_IP>
			<wp:comment_date><![CDATA[2016-05-02 13:34:46]]></wp:comment_date>
			<wp:comment_date_gmt><![CDATA[2016-05-02 10:04:46]]></wp:comment_date_gmt>
			<wp:comment_content><![CDATA[<a href="http://sildalis.in/" / rel="nofollow">sildalis online</a> <a href="http://buy-motrin.in.net/" / rel="nofollow">motrin</a> <a href="http://buycolchicine.nu/" / rel="nofollow">where to buy colchicine</a>]]></wp:comment_content>
			<wp:comment_approved><![CDATA[0]]></wp:comment_approved>
			<wp:comment_type><![CDATA[]]></wp:comment_type>
			<wp:comment_parent>0</wp:comment_parent>
			<wp:comment_user_id>0</wp:comment_user_id>
		</wp:comment>
		<wp:comment>
			<wp:comment_id>195</wp:comment_id>
			<wp:comment_author><![CDATA[asEduslcff7w]]></wp:comment_author>
			<wp:comment_author_email><![CDATA[kp3516@jaggernautemail.bid]]></wp:comment_author_email>
			<wp:comment_author_url>http://cialis10mg.top</wp:comment_author_url>
			<wp:comment_author_IP><![CDATA[46.161.9.24]]></wp:comment_author_IP>
			<wp:comment_date><![CDATA[2016-05-17 19:29:52]]></wp:comment_date>
			<wp:comment_date_gmt><![CDATA[2016-05-17 15:59:52]]></wp:comment_date_gmt>
			<wp:comment_content><![CDATA[http://doxycyclinehyclate.top/ - doxycycline hyclate http://benicar.link/ - benicar http://wellbutrin.xyz/ - wellbutrin without a prescription]]></wp:comment_content>
			<wp:comment_approved><![CDATA[0]]></wp:comment_approved>
			<wp:comment_type><![CDATA[]]></wp:comment_type>
			<wp:comment_parent>0</wp:comment_parent>
			<wp:comment_user_id>0</wp:comment_user_id>
		</wp:comment>
		<wp:comment>
			<wp:comment_id>197</wp:comment_id>
			<wp:comment_author><![CDATA[asEdus51bhly]]></wp:comment_author>
			<wp:comment_author_email><![CDATA[bettywilson@simple-mail-server.bid]]></wp:comment_author_email>
			<wp:comment_author_url>http://cialis10mg.top</wp:comment_author_url>
			<wp:comment_author_IP><![CDATA[46.161.9.24]]></wp:comment_author_IP>
			<wp:comment_date><![CDATA[2016-05-19 08:15:32]]></wp:comment_date>
			<wp:comment_date_gmt><![CDATA[2016-05-19 04:45:32]]></wp:comment_date_gmt>
			<wp:comment_content><![CDATA[http://diflucan.site/ - diflucan http://effexor-online.eu/ - effexor online http://generic-effexor.top/ - price of effexor http://buy-stromectol.eu/ - stromectol]]></wp:comment_content>
			<wp:comment_approved><![CDATA[0]]></wp:comment_approved>
			<wp:comment_type><![CDATA[]]></wp:comment_type>
			<wp:comment_parent>0</wp:comment_parent>
			<wp:comment_user_id>0</wp:comment_user_id>
		</wp:comment>
		<wp:comment>
			<wp:comment_id>202</wp:comment_id>
			<wp:comment_author><![CDATA[asEdus9uxapm]]></wp:comment_author>
			<wp:comment_author_email><![CDATA[racheal@blurpemailgun.bid]]></wp:comment_author_email>
			<wp:comment_author_url>http://genericeffexor.party</wp:comment_author_url>
			<wp:comment_author_IP><![CDATA[46.161.9.20]]></wp:comment_author_IP>
			<wp:comment_date><![CDATA[2016-06-14 15:21:43]]></wp:comment_date>
			<wp:comment_date_gmt><![CDATA[2016-06-14 11:51:43]]></wp:comment_date_gmt>
			<wp:comment_content><![CDATA[<a href="http://yasminbirthcontrol.cricket/" / rel="nofollow">yasmin</a> <a href="http://buyfluoxetine.pro/" / rel="nofollow">fluoxetine 20mg capsules</a> <a href="http://diclofenacgel.ru/" / rel="nofollow">diclofenac</a> <a href="http://citalopram.site/" / rel="nofollow">citalopram buy online</a> <a href="http://cytoteconline.ru/" / rel="nofollow">cytotec online</a> <a href="http://citalopram.faith/" / rel="nofollow">citalopram hbr tabs 20mg</a> <a href="http://lisinopril5mg.in.net/" / rel="nofollow">lisinopril</a>]]></wp:comment_content>
			<wp:comment_approved><![CDATA[0]]></wp:comment_approved>
			<wp:comment_type><![CDATA[]]></wp:comment_type>
			<wp:comment_parent>55</wp:comment_parent>
			<wp:comment_user_id>0</wp:comment_user_id>
		</wp:comment>
		<wp:comment>
			<wp:comment_id>203</wp:comment_id>
			<wp:comment_author><![CDATA[asEdusgnvkp8]]></wp:comment_author>
			<wp:comment_author_email><![CDATA[acstone@maildemon.bid]]></wp:comment_author_email>
			<wp:comment_author_url>http://genericeffexor.party</wp:comment_author_url>
			<wp:comment_author_IP><![CDATA[46.161.9.20]]></wp:comment_author_IP>
			<wp:comment_date><![CDATA[2016-06-15 03:08:11]]></wp:comment_date>
			<wp:comment_date_gmt><![CDATA[2016-06-14 23:38:11]]></wp:comment_date_gmt>
			<wp:comment_content><![CDATA[<a href="http://buy-clindamycin.eu/" / rel="nofollow">clindamycin iv</a> <a href="http://buy-sildenafil.trade/" / rel="nofollow">buy sildenafil</a> <a href="http://buy-benicar.eu/" / rel="nofollow">benicar 20 mg cost</a>]]></wp:comment_content>
			<wp:comment_approved><![CDATA[0]]></wp:comment_approved>
			<wp:comment_type><![CDATA[]]></wp:comment_type>
			<wp:comment_parent>0</wp:comment_parent>
			<wp:comment_user_id>0</wp:comment_user_id>
		</wp:comment>
	</item>
	<item>
		<title>برگزاری اولین دوره استارتاپ ویکند در اصفهان</title>
		<link>http://ajoudanian.me/blog/2013/08/%d8%a7%d9%88%d9%84%db%8c%d9%86-%d8%af%d9%88%d8%b1%d9%87-%d8%a7%d8%b3%d8%aa%d8%a7%d8%b1%d8%aa%d8%a7%d9%be-%d9%88%db%8c%da%a9%d9%86%d8%af-%d8%a7%d8%b5%d9%81%d9%87%d8%a7%d9%86/</link>
		<pubDate>Tue, 20 Aug 2013 09:12:55 +0000</pubDate>
		<dc:creator><![CDATA[admin]]></dc:creator>
		<guid isPermaLink="false">http://ajoudanian.me/blog/?p=342</guid>
		<description></description>
		<content:encoded><![CDATA[کمتر از یک سال پیش در <a title="استارت‌آپ ویکند، آخر هفته با طعم موفقیت" href="http://ajoudanian.me/blog/2012/10/%D8%A7%D8%B3%D8%AA%D8%A7%D8%B1%D8%AA%E2%80%8C%D8%A2%D9%BE-%D9%88%DB%8C%DA%A9%D9%86%D8%AF%D8%8C-%D8%A2%D8%AE%D8%B1-%D9%87%D9%81%D8%AA%D9%87-%D8%A8%D8%A7-%D8%B7%D8%B9%D9%85-%D9%85%D9%88%D9%81%D9%82-2/" target="_blank">پستی</a> در مورد استارتاپ ویکند تهران نوشتم و از مزایای شرکت در این رویداد گفتم. اگر زمان به عقب برگرده شاید اون روز فکر نمیکردم که مدتی بعد تصمیم به برگزاری استارتاپ ویکند در اصفهان بگیریم. اما در هر صورت اتفاقات به شکلی افتاد که ما تصمیم به برگزاری این رویداد در اصفهان گرفتیم و تا کمتر از یک ماه دیگر استارتاپ ویکند برای اولین بار در <a title="استارتاپ ویکند اصفهان" href="http://www.swisfahan.ir" target="_blank">اصفهان</a> (سومین شهر میزبان این رویداد بین المللی در ایران) برگزار میشه و به شخصه به همراه دوستانم در تیم برگزاری این رویداد تمام تلاشمون را می‌کنیم تا بتونیم رویداد خوبی را در اصفهان برگزار کنیم.

هدف از این پست توضیح در مورد استارتاپ ویکند یا مفهموم استارتاپ نیست. دوستانی که تمایل دارند در این مورد اطلاعات بیشتری داشته باشند، پستی که در ابتدای این متن معرفی شد را بخونن. <a title="استارتاپ چیست؟" href="http://www.businessofsoftware.ir/478/steve-blank-startup-triology/" target="_blank">این پست </a>از وبلاگ ناصر غانم زاده عزیز هم کمک زیادی به این دوستان خواهد کرد. همچنین تماشای ویدیویی که در ابتدای پست قرار داده شده می تواند به شما در درک مفهوم استارتاپ ویکند و کارهایی که در این رویداد 54 ساعته انجام خواهید داد کمک کند. دوستانی که با تماشای این فیلم مشکل دارند می‌توانند فیلم را در <a title="استارتاپ ویکند چیست؟" href="http://www.aparat.com/v/cCO9D" target="_blank">آپارات</a> مشاهده کنند.

اولین استارتاپ ویکند اصفهان در تاریخ 13 الی 15 شهریور ماه برگزار می گردد ، شما می توانید لیست کامل مربیان ، سخنرانان و داوران این دوره را در سایت استارتاپ ویکند اصفهان به آدرس <a title="استارتاپ ویکند اصفهان" href="www.swisfahan.ir" target="_blank">www.swisfahan.ir</a> مشاهده کنید (برگزاری دوره های بعدی هم در این سایت اطلاع رسانی خواهد شد.). علاوه بر این آقای <a title="دوایت گانینگ" href="http://www.dwightgunning.com" target="_blank">Dwight Gunning</a> هم به عنوان نماینده استارتاپ ویکند جهانی در این رویداد حضور دارند و بر روی شرکت کنندگان و تیم ها نظارت خواهد داشت.

اگر دوست داشتید در این رویداد به عنوان شرکت کننده حضور پیدا کنید می توانید از آدرس <a title="استارتاپ ویکند اصفهان" href="http://isfahan.startupweekend.ir" target="_blank">isfahan.startupweekend.ir</a> ثبت نام کنید.

در صورت تمایل به هرگونه همکاری در تیم اجرایی و یا حمایت از این رویداد می توانید به آدرس ایمیل info در swisfahan.ir ایمیل ارسال کنید تا با شما هماهنگی انجام بشه.

همچنین با پیگری <a title="startup weekend isfahan" href="https://www.facebook.com/swIsfahan" target="_blank">صفحه فیسبوک</a> و <a title="startup weekend isfahan" href="https://twitter.com/swIsfahan" target="_blank">اکانت توئیتر</a> استارتاپ ویکند اصفهان می توانید از آخرین اخبار این رویداد مطلع شوید.

&nbsp;

به امید دیدار شما در استارتاپ ویکند اصفهان

علی

&nbsp;]]></content:encoded>
		<excerpt:encoded><![CDATA[]]></excerpt:encoded>
		<wp:post_id>342</wp:post_id>
		<wp:post_date><![CDATA[2013-08-20 12:42:55]]></wp:post_date>
		<wp:post_date_gmt><![CDATA[2013-08-20 09:12:55]]></wp:post_date_gmt>
		<wp:comment_status><![CDATA[open]]></wp:comment_status>
		<wp:ping_status><![CDATA[open]]></wp:ping_status>
		<wp:post_name><![CDATA[%d8%a7%d9%88%d9%84%db%8c%d9%86-%d8%af%d9%88%d8%b1%d9%87-%d8%a7%d8%b3%d8%aa%d8%a7%d8%b1%d8%aa%d8%a7%d9%be-%d9%88%db%8c%da%a9%d9%86%d8%af-%d8%a7%d8%b5%d9%81%d9%87%d8%a7%d9%86]]></wp:post_name>
		<wp:status><![CDATA[publish]]></wp:status>
		<wp:post_parent>0</wp:post_parent>
		<wp:menu_order>0</wp:menu_order>
		<wp:post_type><![CDATA[post]]></wp:post_type>
		<wp:post_password><![CDATA[]]></wp:post_password>
		<wp:is_sticky>0</wp:is_sticky>
		<category domain="post_format" nicename="post-format-video"><![CDATA[ویدیو]]></category>
		<category domain="category" nicename="%d8%a2%d9%85%d9%88%d8%b2%d8%b4%db%8c"><![CDATA[آموزشی]]></category>
		<category domain="post_tag" nicename="%d8%a7%d8%b3%d8%aa%d8%a7%d8%b1%d8%aa%d8%a7%d9%be"><![CDATA[استارتاپ]]></category>
		<category domain="post_tag" nicename="%d8%a7%d8%b3%d8%aa%d8%a7%d8%b1%d8%aa%d8%a7%d9%be-%d9%88%db%8c%da%a9%d9%86%d8%af-%d8%a7%d8%b5%d9%81%d9%87%d8%a7%d9%86"><![CDATA[استارتاپ ویکند اصفهان]]></category>
		<category domain="category" nicename="%d8%b1%d9%88%db%8c%d8%af%d8%a7%d8%af"><![CDATA[رویداد]]></category>
		<wp:postmeta>
			<wp:meta_key><![CDATA[_edit_last]]></wp:meta_key>
			<wp:meta_value><![CDATA[1]]></wp:meta_value>
		</wp:postmeta>
		<wp:postmeta>
			<wp:meta_key><![CDATA[_thumbnail_id]]></wp:meta_key>
			<wp:meta_value><![CDATA[343]]></wp:meta_value>
		</wp:postmeta>
		<wp:postmeta>
			<wp:meta_key><![CDATA[_format_quote_source_url]]></wp:meta_key>
			<wp:meta_value><![CDATA[]]></wp:meta_value>
		</wp:postmeta>
		<wp:postmeta>
			<wp:meta_key><![CDATA[_format_quote_source_name]]></wp:meta_key>
			<wp:meta_value><![CDATA[]]></wp:meta_value>
		</wp:postmeta>
		<wp:postmeta>
			<wp:meta_key><![CDATA[_format_video_embed]]></wp:meta_key>
			<wp:meta_value><![CDATA[<iframe src="http://player.vimeo.com/video/72606573" width="606" height="341" frameborder="0" webkitAllowFullScreen mozallowfullscreen allowFullScreen></iframe>]]></wp:meta_value>
		</wp:postmeta>
		<wp:postmeta>
			<wp:meta_key><![CDATA[_format_quote_text]]></wp:meta_key>
			<wp:meta_value><![CDATA[]]></wp:meta_value>
		</wp:postmeta>
		<wp:postmeta>
			<wp:meta_key><![CDATA[_format_audio_mp3]]></wp:meta_key>
			<wp:meta_value><![CDATA[]]></wp:meta_value>
		</wp:postmeta>
		<wp:postmeta>
			<wp:meta_key><![CDATA[_format_audio_title]]></wp:meta_key>
			<wp:meta_value><![CDATA[]]></wp:meta_value>
		</wp:postmeta>
		<wp:postmeta>
			<wp:meta_key><![CDATA[_wp_old_slug]]></wp:meta_key>
			<wp:meta_value><![CDATA[%d8%a8%d8%b1%da%af%d8%b2%d8%a7%d8%b1%db%8c-%d8%a7%d9%88%d9%84%db%8c%d9%86-%d8%af%d9%88%d8%b1%d9%87-%d8%a7%d8%b3%d8%aa%d8%a7%d8%b1%d8%aa%d8%a7%d9%be-%d9%88%db%8c%da%a9%d9%86%d8%af-%d8%af%d8%b1-%d8%a7]]></wp:meta_value>
		</wp:postmeta>
		<wp:comment>
			<wp:comment_id>167</wp:comment_id>
			<wp:comment_author><![CDATA[`*-_Sara SHerafati_-*`]]></wp:comment_author>
			<wp:comment_author_email><![CDATA[sherafatisara2@yahoo.com]]></wp:comment_author_email>
			<wp:comment_author_url>http://sherafatitamarkoz.mihanblog.com/</wp:comment_author_url>
			<wp:comment_author_IP><![CDATA[37.255.95.129]]></wp:comment_author_IP>
			<wp:comment_date><![CDATA[2013-09-29 11:20:00]]></wp:comment_date>
			<wp:comment_date_gmt><![CDATA[2013-09-29 07:50:00]]></wp:comment_date_gmt>
			<wp:comment_content><![CDATA[سلام
من در همایش نرم افزار آزاد بود و اسم شما رو از یکی از افرادی که کنارم  رد شد شنیدم بعد مطمئن بودم یکجایی این اسم را شنیدم ولی نمیدونستم کجا
توی نت باز هم اسم شمارو دیدم توی فیس بوک ...
بالاخره امروز فهمیدم کجا اسمتون را دیدم
جشنواره وب ایران
اونجا سایتتون رو دیدم

چند تا سوال:
در مورد استارتاپ
از وقتی که استارتاپ توی تهران برگزار شد دارم دونبال میکنم ولی یکم اعتماد به نفسم ضعیف شده میترسم بیام هیچی بلد نباشم و کاری نتونم بکنم
نظر شما چیه؟
کارهایی که بلدم را توی وب گذاشتم ببینین بدرد میخوره؟
مچکرم]]></wp:comment_content>
			<wp:comment_approved><![CDATA[1]]></wp:comment_approved>
			<wp:comment_type><![CDATA[]]></wp:comment_type>
			<wp:comment_parent>0</wp:comment_parent>
			<wp:comment_user_id>0</wp:comment_user_id>
		</wp:comment>
		<wp:comment>
			<wp:comment_id>198</wp:comment_id>
			<wp:comment_author><![CDATA[asEdusgxffao]]></wp:comment_author>
			<wp:comment_author_email><![CDATA[urman4000@netsolutions.top]]></wp:comment_author_email>
			<wp:comment_author_url>http://cialis10mg.top</wp:comment_author_url>
			<wp:comment_author_IP><![CDATA[46.161.9.24]]></wp:comment_author_IP>
			<wp:comment_date><![CDATA[2016-05-19 08:15:52]]></wp:comment_date>
			<wp:comment_date_gmt><![CDATA[2016-05-19 04:45:52]]></wp:comment_date_gmt>
			<wp:comment_content><![CDATA[http://cleocin.cricket/ - cleocin http://buycipro.faith/ - buy cipro online http://sildenafilcitrate100mg.eu/ - generic sildenafil http://cymbalta-price.ru/ - cymbalta http://benicar.site/ - generic benicar hct http://tretinoincream01.in.net/ - tretinoin cream 0.1]]></wp:comment_content>
			<wp:comment_approved><![CDATA[0]]></wp:comment_approved>
			<wp:comment_type><![CDATA[]]></wp:comment_type>
			<wp:comment_parent>0</wp:comment_parent>
			<wp:comment_user_id>0</wp:comment_user_id>
		</wp:comment>
		<wp:comment>
			<wp:comment_id>209</wp:comment_id>
			<wp:comment_author><![CDATA[asEdusj5it37]]></wp:comment_author>
			<wp:comment_author_email><![CDATA[flutetang@web2web.top]]></wp:comment_author_email>
			<wp:comment_author_url>http://allopurinol100mg.bid</wp:comment_author_url>
			<wp:comment_author_IP><![CDATA[46.161.9.20]]></wp:comment_author_IP>
			<wp:comment_date><![CDATA[2016-07-12 20:29:01]]></wp:comment_date>
			<wp:comment_date_gmt><![CDATA[2016-07-12 16:59:01]]></wp:comment_date_gmt>
			<wp:comment_content><![CDATA[<a href="http://augmentin875mg.webcam/" / rel="nofollow">augmentin 875 mg</a> <a href="http://fluoxetineonline.in.net/" / rel="nofollow">fluoxetine online</a> <a href="http://buyampicillin.pro/" / rel="nofollow">ampicillin iv</a> <a href="http://buy-tetracycline.review/" / rel="nofollow">i found it</a> <a href="http://buyaugmentin.pro/" / rel="nofollow">buy augmentin</a>]]></wp:comment_content>
			<wp:comment_approved><![CDATA[0]]></wp:comment_approved>
			<wp:comment_type><![CDATA[]]></wp:comment_type>
			<wp:comment_parent>0</wp:comment_parent>
			<wp:comment_user_id>0</wp:comment_user_id>
		</wp:comment>
		<wp:comment>
			<wp:comment_id>211</wp:comment_id>
			<wp:comment_author><![CDATA[asEdusc7blr0]]></wp:comment_author>
			<wp:comment_author_email><![CDATA[razlyo@maildemon.bid]]></wp:comment_author_email>
			<wp:comment_author_url>http://allopurinol100mg.bid</wp:comment_author_url>
			<wp:comment_author_IP><![CDATA[46.161.9.20]]></wp:comment_author_IP>
			<wp:comment_date><![CDATA[2016-07-14 20:30:16]]></wp:comment_date>
			<wp:comment_date_gmt><![CDATA[2016-07-14 17:00:16]]></wp:comment_date_gmt>
			<wp:comment_content><![CDATA[<a href="http://buy-clonidine.accountant/" / rel="nofollow">buy clonidine</a> <a href="http://clindamycin300mg.trade/" / rel="nofollow">clindamycin hydrochloride</a> <a href="http://buspar.xyz/" / rel="nofollow">buspar</a> <a href="http://buy-augmentin.xyz/" / rel="nofollow">buy augmentin</a> <a href="http://amitriptylinehcl.party/" / rel="nofollow">25 mg amitriptyline</a> <a href="http://buy-effexor.party/" / rel="nofollow">buy effexor</a> <a href="http://seroquelonline.trade/" / rel="nofollow">seroquel 50 mg for sleep</a>]]></wp:comment_content>
			<wp:comment_approved><![CDATA[0]]></wp:comment_approved>
			<wp:comment_type><![CDATA[]]></wp:comment_type>
			<wp:comment_parent>0</wp:comment_parent>
			<wp:comment_user_id>0</wp:comment_user_id>
		</wp:comment>
	</item>
	<item>
		<title>یک سالگی تم یاب</title>
		<link>http://ajoudanian.me/blog/2013/12/%db%8c%da%a9-%d8%b3%d8%a7%d9%84%da%af%db%8c-%d8%aa%d9%85-%db%8c%d8%a7%d8%a8/</link>
		<pubDate>Tue, 31 Dec 2013 15:34:01 +0000</pubDate>
		<dc:creator><![CDATA[admin]]></dc:creator>
		<guid isPermaLink="false">http://ajoudanian.me/blog/?p=348</guid>
		<description></description>
		<content:encoded><![CDATA[<p dir="RTL">سلام</p>
<p dir="RTL">امروز 10 دی ماه تم یاب یک ساله شد. این یک سال برای من خیلی زود گذشت، چون لحظه به لحظه اش برای پرورش محصولی سپری شد که دوستش داشتم و از روز اول همراهش بودم. مهمتر اینکه در این یک سال همراه دوستانی بودم که از بودن در کنارشان یادگرفتم و هر لحظه اش برایم لذت بخش و دوست داشتنی بود.</p>
<p dir="RTL">تم یاب برای من نمونه یک کار تیمی موفق هست، تیمی که از روز اول، وقتی که حتی هنوز اسمی برای این پروژه انتخاب نکرده بودیم دور هم جمع شدیم تا به امروز که وارد دومین سال فعالیت تم یاب شده ایم.</p>
<p dir="RTL">مسیر ما در این یک سال سختی های خاص خودش را داشت ، اما از آنطرف هم اتفاقات خوب و دلگرم کننده زیادی برای ما اتفاق افتاد. از اولین خرید تم در همان اولین روز فعالیت تم یاب گرفته تا عبور مبلغ فروش قالب های تم یاب از مرز 5 میلیون تومان که چند هفته پیش اتفاق افتاد. رقمی که برای خود ما قبل از پایان اولین سال فعالیت تم یاب دلگرم کننده بود.
ما در خانواده تم یاب مشکلات را در کنار همدیگر حل می‌کنیم و پیشآمد های خوب را در کنار شما جشن میگیریم.</p>
<p dir="RTL">امروز جشن ما برای اولین سالگرد تم یاب است. از همه شما که در این یک سال به هر شکل در کنار ما بوده اید تشکر می‌کنم.</p>
<p dir="RTL">امیدوارم که 10 دی 94 همه در پله بالاتری نسبت به آنچه امروز هستیم باشیم :-‌)</p>
<p dir="RTL">ممنون</p>
<p dir="RTL"><span style="text-decoration: line-through;">علی</span></p>
<p dir="RTL">ما، خانواده تم یاب</p>]]></content:encoded>
		<excerpt:encoded><![CDATA[]]></excerpt:encoded>
		<wp:post_id>348</wp:post_id>
		<wp:post_date><![CDATA[2013-12-31 19:04:01]]></wp:post_date>
		<wp:post_date_gmt><![CDATA[2013-12-31 15:34:01]]></wp:post_date_gmt>
		<wp:comment_status><![CDATA[open]]></wp:comment_status>
		<wp:ping_status><![CDATA[open]]></wp:ping_status>
		<wp:post_name><![CDATA[%db%8c%da%a9-%d8%b3%d8%a7%d9%84%da%af%db%8c-%d8%aa%d9%85-%db%8c%d8%a7%d8%a8]]></wp:post_name>
		<wp:status><![CDATA[publish]]></wp:status>
		<wp:post_parent>0</wp:post_parent>
		<wp:menu_order>0</wp:menu_order>
		<wp:post_type><![CDATA[post]]></wp:post_type>
		<wp:post_password><![CDATA[]]></wp:post_password>
		<wp:is_sticky>0</wp:is_sticky>
		<category domain="post_format" nicename="post-format-image"><![CDATA[تصویر]]></category>
		<category domain="category" nicename="%d9%be%d8%b1%d9%88%da%98%d9%87"><![CDATA[پروژه]]></category>
		<category domain="post_tag" nicename="%d8%aa%d9%85-%db%8c%d8%a7%d8%a8"><![CDATA[تم یاب]]></category>
		<wp:postmeta>
			<wp:meta_key><![CDATA[_edit_last]]></wp:meta_key>
			<wp:meta_value><![CDATA[1]]></wp:meta_value>
		</wp:postmeta>
		<wp:postmeta>
			<wp:meta_key><![CDATA[_thumbnail_id]]></wp:meta_key>
			<wp:meta_value><![CDATA[349]]></wp:meta_value>
		</wp:postmeta>
		<wp:postmeta>
			<wp:meta_key><![CDATA[_format_quote_source_url]]></wp:meta_key>
			<wp:meta_value><![CDATA[]]></wp:meta_value>
		</wp:postmeta>
		<wp:postmeta>
			<wp:meta_key><![CDATA[_format_quote_source_name]]></wp:meta_key>
			<wp:meta_value><![CDATA[]]></wp:meta_value>
		</wp:postmeta>
		<wp:postmeta>
			<wp:meta_key><![CDATA[_format_video_embed]]></wp:meta_key>
			<wp:meta_value><![CDATA[]]></wp:meta_value>
		</wp:postmeta>
		<wp:postmeta>
			<wp:meta_key><![CDATA[_format_quote_text]]></wp:meta_key>
			<wp:meta_value><![CDATA[]]></wp:meta_value>
		</wp:postmeta>
		<wp:postmeta>
			<wp:meta_key><![CDATA[_format_audio_mp3]]></wp:meta_key>
			<wp:meta_value><![CDATA[]]></wp:meta_value>
		</wp:postmeta>
		<wp:postmeta>
			<wp:meta_key><![CDATA[_format_audio_title]]></wp:meta_key>
			<wp:meta_value><![CDATA[]]></wp:meta_value>
		</wp:postmeta>
		<wp:comment>
			<wp:comment_id>169</wp:comment_id>
			<wp:comment_author><![CDATA[miilad]]></wp:comment_author>
			<wp:comment_author_email><![CDATA[miladahmadi04@gmail.com]]></wp:comment_author_email>
			<wp:comment_author_url></wp:comment_author_url>
			<wp:comment_author_IP><![CDATA[88.150.247.228]]></wp:comment_author_IP>
			<wp:comment_date><![CDATA[2014-01-01 23:21:09]]></wp:comment_date>
			<wp:comment_date_gmt><![CDATA[2014-01-01 19:51:09]]></wp:comment_date_gmt>
			<wp:comment_content><![CDATA[به امید موفقیت روز افزون خانواده تمیـــــــــــــــــــاب. برقرار و شاد باشین.]]></wp:comment_content>
			<wp:comment_approved><![CDATA[1]]></wp:comment_approved>
			<wp:comment_type><![CDATA[]]></wp:comment_type>
			<wp:comment_parent>0</wp:comment_parent>
			<wp:comment_user_id>0</wp:comment_user_id>
		</wp:comment>
		<wp:comment>
			<wp:comment_id>172</wp:comment_id>
			<wp:comment_author><![CDATA[سایت تور]]></wp:comment_author>
			<wp:comment_author_email><![CDATA[mortezar@gmail.com]]></wp:comment_author_email>
			<wp:comment_author_url>http://www.agencytravel.ir</wp:comment_author_url>
			<wp:comment_author_IP><![CDATA[5.190.103.214]]></wp:comment_author_IP>
			<wp:comment_date><![CDATA[2014-02-14 22:48:52]]></wp:comment_date>
			<wp:comment_date_gmt><![CDATA[2014-02-14 19:18:52]]></wp:comment_date_gmt>
			<wp:comment_content><![CDATA[تم یاب یک اتفاق خوب شاد باش.]]></wp:comment_content>
			<wp:comment_approved><![CDATA[1]]></wp:comment_approved>
			<wp:comment_type><![CDATA[]]></wp:comment_type>
			<wp:comment_parent>0</wp:comment_parent>
			<wp:comment_user_id>0</wp:comment_user_id>
		</wp:comment>
		<wp:comment>
			<wp:comment_id>173</wp:comment_id>
			<wp:comment_author><![CDATA[fvmlbgnc]]></wp:comment_author>
			<wp:comment_author_email><![CDATA[wczurd@jcgrev.com]]></wp:comment_author_email>
			<wp:comment_author_url>http://pjkphmdcalyz.com/</wp:comment_author_url>
			<wp:comment_author_IP><![CDATA[46.161.41.199]]></wp:comment_author_IP>
			<wp:comment_date><![CDATA[2015-03-14 05:44:36]]></wp:comment_date>
			<wp:comment_date_gmt><![CDATA[2015-03-14 02:14:36]]></wp:comment_date_gmt>
			<wp:comment_content><![CDATA[or9cQE  <a href="http://gbgylfhxyntn.com/" rel="nofollow">gbgylfhxyntn</a>, [url=http://bptvzmvigwvh.com/]bptvzmvigwvh[/url], [link=http://sutvpolrvjlz.com/]sutvpolrvjlz[/link], http://ttuhgbipvacp.com/]]></wp:comment_content>
			<wp:comment_approved><![CDATA[0]]></wp:comment_approved>
			<wp:comment_type><![CDATA[]]></wp:comment_type>
			<wp:comment_parent>0</wp:comment_parent>
			<wp:comment_user_id>0</wp:comment_user_id>
		</wp:comment>
		<wp:comment>
			<wp:comment_id>176</wp:comment_id>
			<wp:comment_author><![CDATA[طراحی سایت]]></wp:comment_author>
			<wp:comment_author_email><![CDATA[azhinho.ah@gmail.com]]></wp:comment_author_email>
			<wp:comment_author_url>http://sitecode.ir/</wp:comment_author_url>
			<wp:comment_author_IP><![CDATA[2.185.240.92]]></wp:comment_author_IP>
			<wp:comment_date><![CDATA[2015-09-06 22:38:08]]></wp:comment_date>
			<wp:comment_date_gmt><![CDATA[2015-09-06 19:08:08]]></wp:comment_date_gmt>
			<wp:comment_content><![CDATA[سایت فوق العاده ای دارید]]></wp:comment_content>
			<wp:comment_approved><![CDATA[0]]></wp:comment_approved>
			<wp:comment_type><![CDATA[]]></wp:comment_type>
			<wp:comment_parent>0</wp:comment_parent>
			<wp:comment_user_id>0</wp:comment_user_id>
		</wp:comment>
		<wp:comment>
			<wp:comment_id>186</wp:comment_id>
			<wp:comment_author><![CDATA[asEduseh386n]]></wp:comment_author>
			<wp:comment_author_email><![CDATA[rhonda@email-me.bid]]></wp:comment_author_email>
			<wp:comment_author_url>http://viagratablet.eu</wp:comment_author_url>
			<wp:comment_author_IP><![CDATA[46.161.9.24]]></wp:comment_author_IP>
			<wp:comment_date><![CDATA[2016-04-16 22:25:11]]></wp:comment_date>
			<wp:comment_date_gmt><![CDATA[2016-04-16 18:55:11]]></wp:comment_date_gmt>
			<wp:comment_content><![CDATA[http://indocin.click/ - indocin]]></wp:comment_content>
			<wp:comment_approved><![CDATA[0]]></wp:comment_approved>
			<wp:comment_type><![CDATA[]]></wp:comment_type>
			<wp:comment_parent>0</wp:comment_parent>
			<wp:comment_user_id>0</wp:comment_user_id>
		</wp:comment>
		<wp:comment>
			<wp:comment_id>192</wp:comment_id>
			<wp:comment_author><![CDATA[asEduspk6cck]]></wp:comment_author>
			<wp:comment_author_email><![CDATA[tantnguyen19@email-4-everybody.bid]]></wp:comment_author_email>
			<wp:comment_author_url>http://advair.us.com</wp:comment_author_url>
			<wp:comment_author_IP><![CDATA[46.161.9.20]]></wp:comment_author_IP>
			<wp:comment_date><![CDATA[2016-04-30 23:57:53]]></wp:comment_date>
			<wp:comment_date_gmt><![CDATA[2016-04-30 20:27:53]]></wp:comment_date_gmt>
			<wp:comment_content><![CDATA[<a href="http://clonidine01mg.eu/" / rel="nofollow">clonidine 0.1 mg oral tablet</a> <a href="http://vermox.date/" / rel="nofollow">vermox</a> <a href="http://buspar.faith/" / rel="nofollow">how much does buspar cost</a> <a href="http://valtrex.uno/" / rel="nofollow">valtrex</a> <a href="http://buylisinopril.win/" / rel="nofollow">lisinopril</a> <a href="http://nolvadexpct.in.net/" / rel="nofollow">visit your url</a>]]></wp:comment_content>
			<wp:comment_approved><![CDATA[0]]></wp:comment_approved>
			<wp:comment_type><![CDATA[]]></wp:comment_type>
			<wp:comment_parent>172</wp:comment_parent>
			<wp:comment_user_id>0</wp:comment_user_id>
		</wp:comment>
		<wp:comment>
			<wp:comment_id>217</wp:comment_id>
			<wp:comment_author><![CDATA[asEdusdjy5ej]]></wp:comment_author>
			<wp:comment_author_email><![CDATA[niamhmurphy@web2web.top]]></wp:comment_author_email>
			<wp:comment_author_url>http://amoxicillin-875.ru</wp:comment_author_url>
			<wp:comment_author_IP><![CDATA[46.161.9.20]]></wp:comment_author_IP>
			<wp:comment_date><![CDATA[2016-08-10 11:00:23]]></wp:comment_date>
			<wp:comment_date_gmt><![CDATA[2016-08-10 07:30:23]]></wp:comment_date_gmt>
			<wp:comment_content><![CDATA[<a href="http://buspar.xyz/" / rel="nofollow">buspar</a> <a href="http://otcviagra.in.net/" / rel="nofollow">otc viagra</a> <a href="http://genericlevaquin.webcam/" / rel="nofollow">generic levaquin</a>]]></wp:comment_content>
			<wp:comment_approved><![CDATA[0]]></wp:comment_approved>
			<wp:comment_type><![CDATA[]]></wp:comment_type>
			<wp:comment_parent>172</wp:comment_parent>
			<wp:comment_user_id>0</wp:comment_user_id>
		</wp:comment>
	</item>
</channel>
</rss>
